
{"service":"user-service","level":"error","message":"Could not get the genres. Internal Server Error. Could not get the genres. Internal Server Error.","stack":"Error: Could not get the genres. Internal Server Error.\n    at router.get.asyncMiddleware (/Users/sujit/Downloads/pandalytic/pandalytic_cms_backend/vidly/routes/genres.js:11:9)\n    at /Users/sujit/Downloads/pandalytic/pandalytic_cms_backend/vidly/middleware/async.js:4:13\n    at Layer.handle [as handle_request] (/Users/sujit/Downloads/pandalytic/pandalytic_cms_backend/vidly/node_modules/express/lib/router/layer.js:95:5)\n    at next (/Users/sujit/Downloads/pandalytic/pandalytic_cms_backend/vidly/node_modules/express/lib/router/route.js:137:13)\n    at Route.dispatch (/Users/sujit/Downloads/pandalytic/pandalytic_cms_backend/vidly/node_modules/express/lib/router/route.js:112:3)\n    at Layer.handle [as handle_request] (/Users/sujit/Downloads/pandalytic/pandalytic_cms_backend/vidly/node_modules/express/lib/router/layer.js:95:5)\n    at /Users/sujit/Downloads/pandalytic/pandalytic_cms_backend/vidly/node_modules/express/lib/router/index.js:281:22\n    at Function.process_params (/Users/sujit/Downloads/pandalytic/pandalytic_cms_backend/vidly/node_modules/express/lib/router/index.js:335:12)\n    at next (/Users/sujit/Downloads/pandalytic/pandalytic_cms_backend/vidly/node_modules/express/lib/router/index.js:275:10)\n    at Function.handle (/Users/sujit/Downloads/pandalytic/pandalytic_cms_backend/vidly/node_modules/express/lib/router/index.js:174:3)\n    at router (/Users/sujit/Downloads/pandalytic/pandalytic_cms_backend/vidly/node_modules/express/lib/router/index.js:47:12)\n    at Layer.handle [as handle_request] (/Users/sujit/Downloads/pandalytic/pandalytic_cms_backend/vidly/node_modules/express/lib/router/layer.js:95:5)\n    at trim_prefix (/Users/sujit/Downloads/pandalytic/pandalytic_cms_backend/vidly/node_modules/express/lib/router/index.js:317:13)\n    at /Users/sujit/Downloads/pandalytic/pandalytic_cms_backend/vidly/node_modules/express/lib/router/index.js:284:7\n    at Function.process_params (/Users/sujit/Downloads/pandalytic/pandalytic_cms_backend/vidly/node_modules/express/lib/router/index.js:335:12)\n    at next (/Users/sujit/Downloads/pandalytic/pandalytic_cms_backend/vidly/node_modules/express/lib/router/index.js:275:10)\n    at /Users/sujit/Downloads/pandalytic/pandalytic_cms_backend/vidly/node_modules/express/lib/router/index.js:635:15\n    at next (/Users/sujit/Downloads/pandalytic/pandalytic_cms_backend/vidly/node_modules/express/lib/router/index.js:260:14)\n    at Function.handle (/Users/sujit/Downloads/pandalytic/pandalytic_cms_backend/vidly/node_modules/express/lib/router/index.js:174:3)\n    at router (/Users/sujit/Downloads/pandalytic/pandalytic_cms_backend/vidly/node_modules/express/lib/router/index.js:47:12)\n    at Layer.handle [as handle_request] (/Users/sujit/Downloads/pandalytic/pandalytic_cms_backend/vidly/node_modules/express/lib/router/layer.js:95:5)\n    at trim_prefix (/Users/sujit/Downloads/pandalytic/pandalytic_cms_backend/vidly/node_modules/express/lib/router/index.js:317:13)"}
{"service":"user-service","level":"error","message":"Something failed during startup Something failed during startup","stack":"Error: Something failed during startup\n    at Object.<anonymous> (/Users/sujit/Downloads/pandalytic/pandalytic_cms_backend/vidly/index.js:29:7)\n    at Module._compile (internal/modules/cjs/loader.js:776:30)\n    at Object.Module._extensions..js (internal/modules/cjs/loader.js:787:10)\n    at Module.load (internal/modules/cjs/loader.js:653:32)\n    at tryModuleLoad (internal/modules/cjs/loader.js:593:12)\n    at Function.Module._load (internal/modules/cjs/loader.js:585:3)\n    at Function.Module.runMain (internal/modules/cjs/loader.js:829:12)\n    at startup (internal/bootstrap/node.js:283:19)\n    at bootstrapNodeJSCore (internal/bootstrap/node.js:622:3)"}
{"level":"error","service":"user-service"}
{"level":"error","service":"user-service"}
{"level":"error","service":"user-service"}
{"level":"error","service":"user-service"}
{"level":"error","service":"user-service"}
{"service":"user-service","level":"error","message":"Something failed during startup Something failed during startup","stack":"Error: Something failed during startup\n    at Object.<anonymous> (/Users/sujit/Downloads/pandalytic/pandalytic_cms_backend/vidly/index.js:29:7)\n    at Module._compile (internal/modules/cjs/loader.js:776:30)\n    at Object.Module._extensions..js (internal/modules/cjs/loader.js:787:10)\n    at Module.load (internal/modules/cjs/loader.js:653:32)\n    at tryModuleLoad (internal/modules/cjs/loader.js:593:12)\n    at Function.Module._load (internal/modules/cjs/loader.js:585:3)\n    at Function.Module.runMain (internal/modules/cjs/loader.js:829:12)\n    at startup (internal/bootstrap/node.js:283:19)\n    at bootstrapNodeJSCore (internal/bootstrap/node.js:622:3)"}
{"service":"user-service","level":"error","message":"Something failed miserably. Something failed miserably.","stack":"Error: Something failed miserably.\n    at Object.<anonymous> (/Users/sujit/Downloads/pandalytic/pandalytic_cms_backend/vidly/index.js:36:26)\n    at Module._compile (internal/modules/cjs/loader.js:776:30)\n    at Object.Module._extensions..js (internal/modules/cjs/loader.js:787:10)\n    at Module.load (internal/modules/cjs/loader.js:653:32)\n    at tryModuleLoad (internal/modules/cjs/loader.js:593:12)\n    at Function.Module._load (internal/modules/cjs/loader.js:585:3)\n    at Function.Module.runMain (internal/modules/cjs/loader.js:829:12)\n    at startup (internal/bootstrap/node.js:283:19)\n    at bootstrapNodeJSCore (internal/bootstrap/node.js:622:3)"}
{"service":"user-service","stringValue":"\"123\"","kind":"ObjectId","value":"123","path":"_id","reason":{},"level":"error","message":"Cast to ObjectId failed for value \"123\" at path \"_id\" for model \"Genre\" Cast to ObjectId failed for value \"123\" at path \"_id\" for model \"Genre\"","stack":"CastError: Cast to ObjectId failed for value \"123\" at path \"_id\" for model \"Genre\"\n    at model.Query.exec (/Users/sujit/Downloads/pandalytic/pandalytic_cms_backend/vidly/node_modules/mongoose/lib/query.js:4351:21)\n    at model.Query.Query.then (/Users/sujit/Downloads/pandalytic/pandalytic_cms_backend/vidly/node_modules/mongoose/lib/query.js:4443:15)"}
{"service":"user-service","stringValue":"\"123\"","kind":"ObjectId","value":"123","path":"_id","reason":{},"level":"error","message":"Cast to ObjectId failed for value \"123\" at path \"_id\" for model \"Genre\" Cast to ObjectId failed for value \"123\" at path \"_id\" for model \"Genre\"","stack":"CastError: Cast to ObjectId failed for value \"123\" at path \"_id\" for model \"Genre\"\n    at model.Query.exec (/Users/sujit/Downloads/pandalytic/pandalytic_cms_backend/vidly/node_modules/mongoose/lib/query.js:4351:21)\n    at model.Query.Query.then (/Users/sujit/Downloads/pandalytic/pandalytic_cms_backend/vidly/node_modules/mongoose/lib/query.js:4443:15)"}
{"service":"user-service","errors":{"genre":{"properties":{"message":"Path `genre` (`genr`) is shorter than the minimum allowed length (5).","type":"minlength","minlength":5,"path":"genre","value":"genr"},"kind":"minlength","path":"genre","value":"genr"}},"_message":"Genre validation failed","level":"error","message":"Genre validation failed: genre: Path `genre` (`genr`) is shorter than the minimum allowed length (5). Genre validation failed: genre: Path `genre` (`genr`) is shorter than the minimum allowed length (5).","stack":"ValidationError: Genre validation failed: genre: Path `genre` (`genr`) is shorter than the minimum allowed length (5).\n    at model.Document.invalidate (/Users/sujit/Downloads/pandalytic/pandalytic_cms_backend/vidly/node_modules/mongoose/lib/document.js:2575:32)\n    at /Users/sujit/Downloads/pandalytic/pandalytic_cms_backend/vidly/node_modules/mongoose/lib/document.js:2395:17\n    at /Users/sujit/Downloads/pandalytic/pandalytic_cms_backend/vidly/node_modules/mongoose/lib/schematype.js:1221:9\n    at process._tickCallback (internal/process/next_tick.js:61:11)"}
{"service":"user-service","errors":{"genre":{"properties":{"message":"Path `genre` (`genrgenrgenrgenrgenrgenrgenrgenrgenrgenrgenrgenrgenrgenrgenrgenr`) is longer than the maximum allowed length (50).","type":"maxlength","maxlength":50,"path":"genre","value":"genrgenrgenrgenrgenrgenrgenrgenrgenrgenrgenrgenrgenrgenrgenrgenr"},"kind":"maxlength","path":"genre","value":"genrgenrgenrgenrgenrgenrgenrgenrgenrgenrgenrgenrgenrgenrgenrgenr"}},"_message":"Genre validation failed","level":"error","message":"Genre validation failed: genre: Path `genre` (`genrgenrgenrgenrgenrgenrgenrgenrgenrgenrgenrgenrgenrgenrgenrgenr`) is longer than the maximum allowed length (50). Genre validation failed: genre: Path `genre` (`genrgenrgenrgenrgenrgenrgenrgenrgenrgenrgenrgenrgenrgenrgenrgenr`) is longer than the maximum allowed length (50).","stack":"ValidationError: Genre validation failed: genre: Path `genre` (`genrgenrgenrgenrgenrgenrgenrgenrgenrgenrgenrgenrgenrgenrgenrgenr`) is longer than the maximum allowed length (50).\n    at model.Document.invalidate (/Users/sujit/Downloads/pandalytic/pandalytic_cms_backend/vidly/node_modules/mongoose/lib/document.js:2575:32)\n    at /Users/sujit/Downloads/pandalytic/pandalytic_cms_backend/vidly/node_modules/mongoose/lib/document.js:2395:17\n    at /Users/sujit/Downloads/pandalytic/pandalytic_cms_backend/vidly/node_modules/mongoose/lib/schematype.js:1221:9\n    at process._tickCallback (internal/process/next_tick.js:61:11)"}
{"service":"user-service","stringValue":"\"1\"","kind":"ObjectId","value":"1","path":"_id","reason":{},"level":"error","message":"Cast to ObjectId failed for value \"1\" at path \"_id\" for model \"Genre\" Cast to ObjectId failed for value \"1\" at path \"_id\" for model \"Genre\"","stack":"CastError: Cast to ObjectId failed for value \"1\" at path \"_id\" for model \"Genre\"\n    at model.Query.exec (/Users/sujit/Downloads/pandalytic/pandalytic_cms_backend/vidly/node_modules/mongoose/lib/query.js:4351:21)\n    at model.Query.Query.then (/Users/sujit/Downloads/pandalytic/pandalytic_cms_backend/vidly/node_modules/mongoose/lib/query.js:4443:15)\n    at process._tickCallback (internal/process/next_tick.js:68:7)"}
{"service":"user-service","stringValue":"\"1\"","kind":"ObjectId","value":"1","path":"_id","reason":{},"level":"error","message":"Cast to ObjectId failed for value \"1\" at path \"_id\" for model \"Genre\" Cast to ObjectId failed for value \"1\" at path \"_id\" for model \"Genre\"","stack":"CastError: Cast to ObjectId failed for value \"1\" at path \"_id\" for model \"Genre\"\n    at model.Query.exec (/Users/sujit/Downloads/pandalytic/pandalytic_cms_backend/vidly/node_modules/mongoose/lib/query.js:4351:21)\n    at model.Query.Query.then (/Users/sujit/Downloads/pandalytic/pandalytic_cms_backend/vidly/node_modules/mongoose/lib/query.js:4443:15)\n    at process._tickCallback (internal/process/next_tick.js:68:7)"}
{"service":"user-service","level":"error","message":"validateTeamInfo is not defined validateTeamInfo is not defined","stack":"ReferenceError: validateTeamInfo is not defined\n    at router.post.asyncMiddleware (/Users/sujit/Downloads/pandalytic/node_cms/routes/teams.js:12:11)\n    at /Users/sujit/Downloads/pandalytic/node_cms/middleware/async.js:4:13\n    at Layer.handle [as handle_request] (/Users/sujit/Downloads/pandalytic/node_cms/node_modules/express/lib/router/layer.js:95:5)\n    at next (/Users/sujit/Downloads/pandalytic/node_cms/node_modules/express/lib/router/route.js:137:13)\n    at module.exports (/Users/sujit/Downloads/pandalytic/node_cms/middleware/auth.js:11:5)\n    at Layer.handle [as handle_request] (/Users/sujit/Downloads/pandalytic/node_cms/node_modules/express/lib/router/layer.js:95:5)\n    at next (/Users/sujit/Downloads/pandalytic/node_cms/node_modules/express/lib/router/route.js:137:13)\n    at Route.dispatch (/Users/sujit/Downloads/pandalytic/node_cms/node_modules/express/lib/router/route.js:112:3)\n    at Layer.handle [as handle_request] (/Users/sujit/Downloads/pandalytic/node_cms/node_modules/express/lib/router/layer.js:95:5)\n    at /Users/sujit/Downloads/pandalytic/node_cms/node_modules/express/lib/router/index.js:281:22\n    at Function.process_params (/Users/sujit/Downloads/pandalytic/node_cms/node_modules/express/lib/router/index.js:335:12)\n    at next (/Users/sujit/Downloads/pandalytic/node_cms/node_modules/express/lib/router/index.js:275:10)\n    at Function.handle (/Users/sujit/Downloads/pandalytic/node_cms/node_modules/express/lib/router/index.js:174:3)\n    at router (/Users/sujit/Downloads/pandalytic/node_cms/node_modules/express/lib/router/index.js:47:12)\n    at Layer.handle [as handle_request] (/Users/sujit/Downloads/pandalytic/node_cms/node_modules/express/lib/router/layer.js:95:5)\n    at trim_prefix (/Users/sujit/Downloads/pandalytic/node_cms/node_modules/express/lib/router/index.js:317:13)\n    at /Users/sujit/Downloads/pandalytic/node_cms/node_modules/express/lib/router/index.js:284:7\n    at Function.process_params (/Users/sujit/Downloads/pandalytic/node_cms/node_modules/express/lib/router/index.js:335:12)\n    at next (/Users/sujit/Downloads/pandalytic/node_cms/node_modules/express/lib/router/index.js:275:10)\n    at /Users/sujit/Downloads/pandalytic/node_cms/node_modules/express/lib/router/index.js:635:15\n    at next (/Users/sujit/Downloads/pandalytic/node_cms/node_modules/express/lib/router/index.js:260:14)\n    at Function.handle (/Users/sujit/Downloads/pandalytic/node_cms/node_modules/express/lib/router/index.js:174:3)"}
{"service":"user-service","errors":{"shortDescrption":{"properties":{"message":"Path `shortDescrption` is required.","type":"required","path":"shortDescrption"},"kind":"required","path":"shortDescrption"}},"_message":"Team validation failed","level":"error","message":"Team validation failed: shortDescrption: Path `shortDescrption` is required. Team validation failed: shortDescrption: Path `shortDescrption` is required.","stack":"ValidationError: Team validation failed: shortDescrption: Path `shortDescrption` is required.\n    at model.Document.invalidate (/Users/sujit/Downloads/pandalytic/node_cms/node_modules/mongoose/lib/document.js:2575:32)\n    at /Users/sujit/Downloads/pandalytic/node_cms/node_modules/mongoose/lib/document.js:2395:17\n    at /Users/sujit/Downloads/pandalytic/node_cms/node_modules/mongoose/lib/schematype.js:1221:9\n    at process._tickCallback (internal/process/next_tick.js:61:11)"}
{"service":"user-service","errors":{"media":{"properties":{"message":"Path `media` is required.","type":"required","path":"media"},"kind":"required","path":"media"}},"_message":"Team validation failed","level":"error","message":"Team validation failed: media: Path `media` is required. Team validation failed: media: Path `media` is required.","stack":"ValidationError: Team validation failed: media: Path `media` is required.\n    at model.Document.invalidate (/Users/sujit/Downloads/pandalytic/node_cms/node_modules/mongoose/lib/document.js:2575:32)\n    at /Users/sujit/Downloads/pandalytic/node_cms/node_modules/mongoose/lib/document.js:2395:17\n    at /Users/sujit/Downloads/pandalytic/node_cms/node_modules/mongoose/lib/schematype.js:1221:9\n    at process._tickCallback (internal/process/next_tick.js:61:11)"}
{"service":"user-service","name":"MulterError","message":"Unexpected field Unexpected field","code":"LIMIT_UNEXPECTED_FILE","field":"imageUri","storageErrors":[],"level":"error","stack":"MulterError: Unexpected field\n    at wrappedFileFilter (/Users/sujit/Downloads/pandalytic/node_cms/node_modules/multer/index.js:40:19)\n    at Busboy.<anonymous> (/Users/sujit/Downloads/pandalytic/node_cms/node_modules/multer/lib/make-middleware.js:114:7)\n    at Busboy.emit (events.js:198:13)\n    at Busboy.emit (/Users/sujit/Downloads/pandalytic/node_cms/node_modules/busboy/lib/main.js:38:33)\n    at PartStream.<anonymous> (/Users/sujit/Downloads/pandalytic/node_cms/node_modules/busboy/lib/types/multipart.js:213:13)\n    at PartStream.emit (events.js:198:13)\n    at HeaderParser.<anonymous> (/Users/sujit/Downloads/pandalytic/node_cms/node_modules/dicer/lib/Dicer.js:51:16)\n    at HeaderParser.emit (events.js:198:13)\n    at HeaderParser._finish (/Users/sujit/Downloads/pandalytic/node_cms/node_modules/dicer/lib/HeaderParser.js:68:8)\n    at SBMH.<anonymous> (/Users/sujit/Downloads/pandalytic/node_cms/node_modules/dicer/lib/HeaderParser.js:40:12)\n    at SBMH.emit (events.js:198:13)\n    at SBMH._sbmh_feed (/Users/sujit/Downloads/pandalytic/node_cms/node_modules/streamsearch/lib/sbmh.js:159:14)\n    at SBMH.push (/Users/sujit/Downloads/pandalytic/node_cms/node_modules/streamsearch/lib/sbmh.js:56:14)\n    at HeaderParser.push (/Users/sujit/Downloads/pandalytic/node_cms/node_modules/dicer/lib/HeaderParser.js:46:19)\n    at Dicer._oninfo (/Users/sujit/Downloads/pandalytic/node_cms/node_modules/dicer/lib/Dicer.js:197:25)\n    at SBMH.<anonymous> (/Users/sujit/Downloads/pandalytic/node_cms/node_modules/dicer/lib/Dicer.js:127:10)\n    at SBMH.emit (events.js:198:13)\n    at SBMH._sbmh_feed (/Users/sujit/Downloads/pandalytic/node_cms/node_modules/streamsearch/lib/sbmh.js:188:10)\n    at SBMH.push (/Users/sujit/Downloads/pandalytic/node_cms/node_modules/streamsearch/lib/sbmh.js:56:14)\n    at Dicer._write (/Users/sujit/Downloads/pandalytic/node_cms/node_modules/dicer/lib/Dicer.js:109:17)\n    at doWrite (_stream_writable.js:415:12)\n    at writeOrBuffer (_stream_writable.js:399:5)"}
{"service":"user-service","name":"MulterError","message":"Unexpected field Unexpected field","code":"LIMIT_UNEXPECTED_FILE","field":"imageUri","storageErrors":[],"level":"error","stack":"MulterError: Unexpected field\n    at wrappedFileFilter (/Users/sujit/Downloads/pandalytic/node_cms/node_modules/multer/index.js:40:19)\n    at Busboy.<anonymous> (/Users/sujit/Downloads/pandalytic/node_cms/node_modules/multer/lib/make-middleware.js:114:7)\n    at Busboy.emit (events.js:198:13)\n    at Busboy.emit (/Users/sujit/Downloads/pandalytic/node_cms/node_modules/busboy/lib/main.js:38:33)\n    at PartStream.<anonymous> (/Users/sujit/Downloads/pandalytic/node_cms/node_modules/busboy/lib/types/multipart.js:213:13)\n    at PartStream.emit (events.js:198:13)\n    at HeaderParser.<anonymous> (/Users/sujit/Downloads/pandalytic/node_cms/node_modules/dicer/lib/Dicer.js:51:16)\n    at HeaderParser.emit (events.js:198:13)\n    at HeaderParser._finish (/Users/sujit/Downloads/pandalytic/node_cms/node_modules/dicer/lib/HeaderParser.js:68:8)\n    at SBMH.<anonymous> (/Users/sujit/Downloads/pandalytic/node_cms/node_modules/dicer/lib/HeaderParser.js:40:12)\n    at SBMH.emit (events.js:198:13)\n    at SBMH._sbmh_feed (/Users/sujit/Downloads/pandalytic/node_cms/node_modules/streamsearch/lib/sbmh.js:159:14)\n    at SBMH.push (/Users/sujit/Downloads/pandalytic/node_cms/node_modules/streamsearch/lib/sbmh.js:56:14)\n    at HeaderParser.push (/Users/sujit/Downloads/pandalytic/node_cms/node_modules/dicer/lib/HeaderParser.js:46:19)\n    at Dicer._oninfo (/Users/sujit/Downloads/pandalytic/node_cms/node_modules/dicer/lib/Dicer.js:197:25)\n    at SBMH.<anonymous> (/Users/sujit/Downloads/pandalytic/node_cms/node_modules/dicer/lib/Dicer.js:127:10)\n    at SBMH.emit (events.js:198:13)\n    at SBMH._sbmh_feed (/Users/sujit/Downloads/pandalytic/node_cms/node_modules/streamsearch/lib/sbmh.js:188:10)\n    at SBMH.push (/Users/sujit/Downloads/pandalytic/node_cms/node_modules/streamsearch/lib/sbmh.js:56:14)\n    at Dicer._write (/Users/sujit/Downloads/pandalytic/node_cms/node_modules/dicer/lib/Dicer.js:109:17)\n    at doWrite (_stream_writable.js:415:12)\n    at writeOrBuffer (_stream_writable.js:399:5)"}
{"service":"user-service","level":"error"}
{"service":"user-service","level":"error"}
{"service":"user-service","level":"error","message":"Cannot read property 'path' of undefined Cannot read property 'path' of undefined","stack":"TypeError: Cannot read property 'path' of undefined\n    at router.post.asyncMiddleware (/Users/sujit/Downloads/pandalytic/node_cms/routes/teams.js:22:63)\n    at /Users/sujit/Downloads/pandalytic/node_cms/middleware/async.js:4:13\n    at Layer.handle [as handle_request] (/Users/sujit/Downloads/pandalytic/node_cms/node_modules/express/lib/router/layer.js:95:5)\n    at next (/Users/sujit/Downloads/pandalytic/node_cms/node_modules/express/lib/router/route.js:137:13)\n    at multerMiddleware (/Users/sujit/Downloads/pandalytic/node_cms/node_modules/multer/lib/make-middleware.js:18:41)\n    at Layer.handle [as handle_request] (/Users/sujit/Downloads/pandalytic/node_cms/node_modules/express/lib/router/layer.js:95:5)\n    at next (/Users/sujit/Downloads/pandalytic/node_cms/node_modules/express/lib/router/route.js:137:13)\n    at module.exports (/Users/sujit/Downloads/pandalytic/node_cms/middleware/auth.js:11:5)\n    at Layer.handle [as handle_request] (/Users/sujit/Downloads/pandalytic/node_cms/node_modules/express/lib/router/layer.js:95:5)\n    at next (/Users/sujit/Downloads/pandalytic/node_cms/node_modules/express/lib/router/route.js:137:13)\n    at Route.dispatch (/Users/sujit/Downloads/pandalytic/node_cms/node_modules/express/lib/router/route.js:112:3)\n    at Layer.handle [as handle_request] (/Users/sujit/Downloads/pandalytic/node_cms/node_modules/express/lib/router/layer.js:95:5)\n    at /Users/sujit/Downloads/pandalytic/node_cms/node_modules/express/lib/router/index.js:281:22\n    at Function.process_params (/Users/sujit/Downloads/pandalytic/node_cms/node_modules/express/lib/router/index.js:335:12)\n    at next (/Users/sujit/Downloads/pandalytic/node_cms/node_modules/express/lib/router/index.js:275:10)\n    at Function.handle (/Users/sujit/Downloads/pandalytic/node_cms/node_modules/express/lib/router/index.js:174:3)\n    at router (/Users/sujit/Downloads/pandalytic/node_cms/node_modules/express/lib/router/index.js:47:12)\n    at Layer.handle [as handle_request] (/Users/sujit/Downloads/pandalytic/node_cms/node_modules/express/lib/router/layer.js:95:5)\n    at trim_prefix (/Users/sujit/Downloads/pandalytic/node_cms/node_modules/express/lib/router/index.js:317:13)\n    at /Users/sujit/Downloads/pandalytic/node_cms/node_modules/express/lib/router/index.js:284:7\n    at Function.process_params (/Users/sujit/Downloads/pandalytic/node_cms/node_modules/express/lib/router/index.js:335:12)\n    at next (/Users/sujit/Downloads/pandalytic/node_cms/node_modules/express/lib/router/index.js:275:10)"}
{"service":"user-service","level":"error","message":"Cannot read property 'path' of undefined Cannot read property 'path' of undefined","stack":"TypeError: Cannot read property 'path' of undefined\n    at router.post.asyncMiddleware (/Users/sujit/Downloads/pandalytic/node_cms/routes/teams.js:20:24)\n    at /Users/sujit/Downloads/pandalytic/node_cms/middleware/async.js:4:13\n    at Layer.handle [as handle_request] (/Users/sujit/Downloads/pandalytic/node_cms/node_modules/express/lib/router/layer.js:95:5)\n    at next (/Users/sujit/Downloads/pandalytic/node_cms/node_modules/express/lib/router/route.js:137:13)\n    at Array.<anonymous> (/Users/sujit/Downloads/pandalytic/node_cms/node_modules/multer/lib/make-middleware.js:53:37)\n    at listener (/Users/sujit/Downloads/pandalytic/node_cms/node_modules/on-finished/index.js:169:15)\n    at onFinish (/Users/sujit/Downloads/pandalytic/node_cms/node_modules/on-finished/index.js:100:5)\n    at callback (/Users/sujit/Downloads/pandalytic/node_cms/node_modules/ee-first/index.js:55:10)\n    at IncomingMessage.onevent (/Users/sujit/Downloads/pandalytic/node_cms/node_modules/ee-first/index.js:93:5)\n    at IncomingMessage.emit (events.js:203:15)\n    at endReadableNT (_stream_readable.js:1129:12)\n    at process._tickCallback (internal/process/next_tick.js:63:19)"}
{"service":"user-service","level":"error","message":"Cannot read property 'path' of undefined Cannot read property 'path' of undefined","stack":"TypeError: Cannot read property 'path' of undefined\n    at router.post.asyncMiddleware (/Users/sujit/Downloads/pandalytic/node_cms/routes/teams.js:21:30)\n    at /Users/sujit/Downloads/pandalytic/node_cms/middleware/async.js:4:13\n    at Layer.handle [as handle_request] (/Users/sujit/Downloads/pandalytic/node_cms/node_modules/express/lib/router/layer.js:95:5)\n    at next (/Users/sujit/Downloads/pandalytic/node_cms/node_modules/express/lib/router/route.js:137:13)\n    at Array.<anonymous> (/Users/sujit/Downloads/pandalytic/node_cms/node_modules/multer/lib/make-middleware.js:53:37)\n    at listener (/Users/sujit/Downloads/pandalytic/node_cms/node_modules/on-finished/index.js:169:15)\n    at onFinish (/Users/sujit/Downloads/pandalytic/node_cms/node_modules/on-finished/index.js:100:5)\n    at callback (/Users/sujit/Downloads/pandalytic/node_cms/node_modules/ee-first/index.js:55:10)\n    at IncomingMessage.onevent (/Users/sujit/Downloads/pandalytic/node_cms/node_modules/ee-first/index.js:93:5)\n    at IncomingMessage.emit (events.js:203:15)\n    at endReadableNT (_stream_readable.js:1129:12)\n    at process._tickCallback (internal/process/next_tick.js:63:19)"}
{"service":"user-service","level":"error","message":"Cannot read property 'path' of undefined Cannot read property 'path' of undefined","stack":"TypeError: Cannot read property 'path' of undefined\n    at router.post.asyncMiddleware (/Users/sujit/Downloads/pandalytic/node_cms/routes/teams.js:21:30)\n    at /Users/sujit/Downloads/pandalytic/node_cms/middleware/async.js:4:13\n    at Layer.handle [as handle_request] (/Users/sujit/Downloads/pandalytic/node_cms/node_modules/express/lib/router/layer.js:95:5)\n    at next (/Users/sujit/Downloads/pandalytic/node_cms/node_modules/express/lib/router/route.js:137:13)\n    at Array.<anonymous> (/Users/sujit/Downloads/pandalytic/node_cms/node_modules/multer/lib/make-middleware.js:53:37)\n    at listener (/Users/sujit/Downloads/pandalytic/node_cms/node_modules/on-finished/index.js:169:15)\n    at onFinish (/Users/sujit/Downloads/pandalytic/node_cms/node_modules/on-finished/index.js:100:5)\n    at callback (/Users/sujit/Downloads/pandalytic/node_cms/node_modules/ee-first/index.js:55:10)\n    at IncomingMessage.onevent (/Users/sujit/Downloads/pandalytic/node_cms/node_modules/ee-first/index.js:93:5)\n    at IncomingMessage.emit (events.js:203:15)\n    at endReadableNT (_stream_readable.js:1129:12)\n    at process._tickCallback (internal/process/next_tick.js:63:19)"}
{"service":"user-service","level":"error","message":"Cannot read property 'path' of undefined Cannot read property 'path' of undefined","stack":"TypeError: Cannot read property 'path' of undefined\n    at router.post.asyncMiddleware (/Users/sujit/Downloads/pandalytic/node_cms/routes/teams.js:21:30)\n    at /Users/sujit/Downloads/pandalytic/node_cms/middleware/async.js:4:13\n    at Layer.handle [as handle_request] (/Users/sujit/Downloads/pandalytic/node_cms/node_modules/express/lib/router/layer.js:95:5)\n    at next (/Users/sujit/Downloads/pandalytic/node_cms/node_modules/express/lib/router/route.js:137:13)\n    at Array.<anonymous> (/Users/sujit/Downloads/pandalytic/node_cms/node_modules/multer/lib/make-middleware.js:53:37)\n    at listener (/Users/sujit/Downloads/pandalytic/node_cms/node_modules/on-finished/index.js:169:15)\n    at onFinish (/Users/sujit/Downloads/pandalytic/node_cms/node_modules/on-finished/index.js:100:5)\n    at callback (/Users/sujit/Downloads/pandalytic/node_cms/node_modules/ee-first/index.js:55:10)\n    at IncomingMessage.onevent (/Users/sujit/Downloads/pandalytic/node_cms/node_modules/ee-first/index.js:93:5)\n    at IncomingMessage.emit (events.js:203:15)\n    at endReadableNT (_stream_readable.js:1129:12)\n    at process._tickCallback (internal/process/next_tick.js:63:19)"}
{"service":"user-service","level":"error","message":"Cannot read property 'path' of undefined Cannot read property 'path' of undefined","stack":"TypeError: Cannot read property 'path' of undefined\n    at router.post.asyncMiddleware (/Users/sujit/Downloads/pandalytic/node_cms/routes/teams.js:21:30)\n    at /Users/sujit/Downloads/pandalytic/node_cms/middleware/async.js:4:13\n    at Layer.handle [as handle_request] (/Users/sujit/Downloads/pandalytic/node_cms/node_modules/express/lib/router/layer.js:95:5)\n    at next (/Users/sujit/Downloads/pandalytic/node_cms/node_modules/express/lib/router/route.js:137:13)\n    at Array.<anonymous> (/Users/sujit/Downloads/pandalytic/node_cms/node_modules/multer/lib/make-middleware.js:53:37)\n    at listener (/Users/sujit/Downloads/pandalytic/node_cms/node_modules/on-finished/index.js:169:15)\n    at onFinish (/Users/sujit/Downloads/pandalytic/node_cms/node_modules/on-finished/index.js:100:5)\n    at callback (/Users/sujit/Downloads/pandalytic/node_cms/node_modules/ee-first/index.js:55:10)\n    at IncomingMessage.onevent (/Users/sujit/Downloads/pandalytic/node_cms/node_modules/ee-first/index.js:93:5)\n    at IncomingMessage.emit (events.js:203:15)\n    at endReadableNT (_stream_readable.js:1129:12)\n    at process._tickCallback (internal/process/next_tick.js:63:19)"}
{"service":"user-service","level":"error","message":"Cannot read property 'path' of undefined Cannot read property 'path' of undefined","stack":"TypeError: Cannot read property 'path' of undefined\n    at router.post.asyncMiddleware (/Users/sujit/Downloads/pandalytic/node_cms/routes/teams.js:21:30)\n    at /Users/sujit/Downloads/pandalytic/node_cms/middleware/async.js:4:13\n    at Layer.handle [as handle_request] (/Users/sujit/Downloads/pandalytic/node_cms/node_modules/express/lib/router/layer.js:95:5)\n    at next (/Users/sujit/Downloads/pandalytic/node_cms/node_modules/express/lib/router/route.js:137:13)\n    at Array.<anonymous> (/Users/sujit/Downloads/pandalytic/node_cms/node_modules/multer/lib/make-middleware.js:53:37)\n    at listener (/Users/sujit/Downloads/pandalytic/node_cms/node_modules/on-finished/index.js:169:15)\n    at onFinish (/Users/sujit/Downloads/pandalytic/node_cms/node_modules/on-finished/index.js:100:5)\n    at callback (/Users/sujit/Downloads/pandalytic/node_cms/node_modules/ee-first/index.js:55:10)\n    at IncomingMessage.onevent (/Users/sujit/Downloads/pandalytic/node_cms/node_modules/ee-first/index.js:93:5)\n    at IncomingMessage.emit (events.js:203:15)\n    at endReadableNT (_stream_readable.js:1129:12)\n    at process._tickCallback (internal/process/next_tick.js:63:19)"}
{"service":"user-service","level":"error","message":"Cannot read property 'details' of undefined Cannot read property 'details' of undefined","stack":"TypeError: Cannot read property 'details' of undefined\n    at router.post.asyncMiddleware (/Users/sujit/Downloads/pandalytic/node_cms/routes/teams.js:27:21)\n    at /Users/sujit/Downloads/pandalytic/node_cms/middleware/async.js:4:13\n    at Layer.handle [as handle_request] (/Users/sujit/Downloads/pandalytic/node_cms/node_modules/express/lib/router/layer.js:95:5)\n    at next (/Users/sujit/Downloads/pandalytic/node_cms/node_modules/express/lib/router/route.js:137:13)\n    at module.exports (/Users/sujit/Downloads/pandalytic/node_cms/middleware/auth.js:11:5)\n    at Layer.handle [as handle_request] (/Users/sujit/Downloads/pandalytic/node_cms/node_modules/express/lib/router/layer.js:95:5)\n    at next (/Users/sujit/Downloads/pandalytic/node_cms/node_modules/express/lib/router/route.js:137:13)\n    at Route.dispatch (/Users/sujit/Downloads/pandalytic/node_cms/node_modules/express/lib/router/route.js:112:3)\n    at Layer.handle [as handle_request] (/Users/sujit/Downloads/pandalytic/node_cms/node_modules/express/lib/router/layer.js:95:5)\n    at /Users/sujit/Downloads/pandalytic/node_cms/node_modules/express/lib/router/index.js:281:22\n    at Function.process_params (/Users/sujit/Downloads/pandalytic/node_cms/node_modules/express/lib/router/index.js:335:12)\n    at next (/Users/sujit/Downloads/pandalytic/node_cms/node_modules/express/lib/router/index.js:275:10)\n    at Function.handle (/Users/sujit/Downloads/pandalytic/node_cms/node_modules/express/lib/router/index.js:174:3)\n    at router (/Users/sujit/Downloads/pandalytic/node_cms/node_modules/express/lib/router/index.js:47:12)\n    at Layer.handle [as handle_request] (/Users/sujit/Downloads/pandalytic/node_cms/node_modules/express/lib/router/layer.js:95:5)\n    at trim_prefix (/Users/sujit/Downloads/pandalytic/node_cms/node_modules/express/lib/router/index.js:317:13)\n    at /Users/sujit/Downloads/pandalytic/node_cms/node_modules/express/lib/router/index.js:284:7\n    at Function.process_params (/Users/sujit/Downloads/pandalytic/node_cms/node_modules/express/lib/router/index.js:335:12)\n    at next (/Users/sujit/Downloads/pandalytic/node_cms/node_modules/express/lib/router/index.js:275:10)\n    at /Users/sujit/Downloads/pandalytic/node_cms/node_modules/express/lib/router/index.js:635:15\n    at next (/Users/sujit/Downloads/pandalytic/node_cms/node_modules/express/lib/router/index.js:260:14)\n    at Function.handle (/Users/sujit/Downloads/pandalytic/node_cms/node_modules/express/lib/router/index.js:174:3)"}
{"service":"user-service","level":"error","message":"Cannot set headers after they are sent to the client Cannot set headers after they are sent to the client","stack":"Error [ERR_HTTP_HEADERS_SENT]: Cannot set headers after they are sent to the client\n    at ServerResponse.setHeader (_http_outgoing.js:470:11)\n    at ServerResponse.header (/Users/sujit/Downloads/pandalytic/node_cms/node_modules/express/lib/response.js:771:10)\n    at ServerResponse.send (/Users/sujit/Downloads/pandalytic/node_cms/node_modules/express/lib/response.js:170:12)\n    at ServerResponse.json (/Users/sujit/Downloads/pandalytic/node_cms/node_modules/express/lib/response.js:267:15)\n    at ServerResponse.send (/Users/sujit/Downloads/pandalytic/node_cms/node_modules/express/lib/response.js:158:21)\n    at router.post.asyncMiddleware (/Users/sujit/Downloads/pandalytic/node_cms/routes/teams.js:67:28)\n    at /Users/sujit/Downloads/pandalytic/node_cms/middleware/async.js:4:13\n    at Layer.handle [as handle_request] (/Users/sujit/Downloads/pandalytic/node_cms/node_modules/express/lib/router/layer.js:95:5)\n    at next (/Users/sujit/Downloads/pandalytic/node_cms/node_modules/express/lib/router/route.js:137:13)\n    at module.exports (/Users/sujit/Downloads/pandalytic/node_cms/middleware/auth.js:11:5)\n    at Layer.handle [as handle_request] (/Users/sujit/Downloads/pandalytic/node_cms/node_modules/express/lib/router/layer.js:95:5)\n    at next (/Users/sujit/Downloads/pandalytic/node_cms/node_modules/express/lib/router/route.js:137:13)\n    at Route.dispatch (/Users/sujit/Downloads/pandalytic/node_cms/node_modules/express/lib/router/route.js:112:3)\n    at Layer.handle [as handle_request] (/Users/sujit/Downloads/pandalytic/node_cms/node_modules/express/lib/router/layer.js:95:5)\n    at /Users/sujit/Downloads/pandalytic/node_cms/node_modules/express/lib/router/index.js:281:22\n    at Function.process_params (/Users/sujit/Downloads/pandalytic/node_cms/node_modules/express/lib/router/index.js:335:12)\n    at next (/Users/sujit/Downloads/pandalytic/node_cms/node_modules/express/lib/router/index.js:275:10)\n    at Function.handle (/Users/sujit/Downloads/pandalytic/node_cms/node_modules/express/lib/router/index.js:174:3)\n    at router (/Users/sujit/Downloads/pandalytic/node_cms/node_modules/express/lib/router/index.js:47:12)\n    at Layer.handle [as handle_request] (/Users/sujit/Downloads/pandalytic/node_cms/node_modules/express/lib/router/layer.js:95:5)\n    at trim_prefix (/Users/sujit/Downloads/pandalytic/node_cms/node_modules/express/lib/router/index.js:317:13)\n    at /Users/sujit/Downloads/pandalytic/node_cms/node_modules/express/lib/router/index.js:284:7"}
{"service":"user-service","level":"error","message":"Cannot read property 'path' of undefined Cannot read property 'path' of undefined","stack":"TypeError: Cannot read property 'path' of undefined\n    at router.post.asyncMiddleware (/Users/sujit/Downloads/pandalytic/node_cms/routes/teams.js:26:17)\n    at /Users/sujit/Downloads/pandalytic/node_cms/middleware/async.js:4:13\n    at Layer.handle [as handle_request] (/Users/sujit/Downloads/pandalytic/node_cms/node_modules/express/lib/router/layer.js:95:5)\n    at next (/Users/sujit/Downloads/pandalytic/node_cms/node_modules/express/lib/router/route.js:137:13)\n    at /Users/sujit/Downloads/pandalytic/node_cms/middleware/multer.js:32:5\n    at Array.<anonymous> (/Users/sujit/Downloads/pandalytic/node_cms/node_modules/multer/lib/make-middleware.js:53:37)\n    at listener (/Users/sujit/Downloads/pandalytic/node_cms/node_modules/on-finished/index.js:169:15)\n    at onFinish (/Users/sujit/Downloads/pandalytic/node_cms/node_modules/on-finished/index.js:100:5)\n    at callback (/Users/sujit/Downloads/pandalytic/node_cms/node_modules/ee-first/index.js:55:10)\n    at IncomingMessage.onevent (/Users/sujit/Downloads/pandalytic/node_cms/node_modules/ee-first/index.js:93:5)\n    at IncomingMessage.emit (events.js:203:15)\n    at endReadableNT (_stream_readable.js:1129:12)\n    at process._tickCallback (internal/process/next_tick.js:63:19)"}
{"service":"user-service","level":"error","message":"Team.find is not a function Team.find is not a function","stack":"TypeError: Team.find is not a function\n    at exports.getTeamInfo (/Users/sujit/Downloads/pandalytic/node_cms/controllers/team.controller.js:5:27)\n    at /Users/sujit/Downloads/pandalytic/node_cms/middleware/async.js:4:13\n    at Layer.handle [as handle_request] (/Users/sujit/Downloads/pandalytic/node_cms/node_modules/express/lib/router/layer.js:95:5)\n    at next (/Users/sujit/Downloads/pandalytic/node_cms/node_modules/express/lib/router/route.js:137:13)\n    at Route.dispatch (/Users/sujit/Downloads/pandalytic/node_cms/node_modules/express/lib/router/route.js:112:3)\n    at Layer.handle [as handle_request] (/Users/sujit/Downloads/pandalytic/node_cms/node_modules/express/lib/router/layer.js:95:5)\n    at /Users/sujit/Downloads/pandalytic/node_cms/node_modules/express/lib/router/index.js:281:22\n    at Function.process_params (/Users/sujit/Downloads/pandalytic/node_cms/node_modules/express/lib/router/index.js:335:12)\n    at next (/Users/sujit/Downloads/pandalytic/node_cms/node_modules/express/lib/router/index.js:275:10)\n    at Function.handle (/Users/sujit/Downloads/pandalytic/node_cms/node_modules/express/lib/router/index.js:174:3)\n    at router (/Users/sujit/Downloads/pandalytic/node_cms/node_modules/express/lib/router/index.js:47:12)\n    at Layer.handle [as handle_request] (/Users/sujit/Downloads/pandalytic/node_cms/node_modules/express/lib/router/layer.js:95:5)\n    at trim_prefix (/Users/sujit/Downloads/pandalytic/node_cms/node_modules/express/lib/router/index.js:317:13)\n    at /Users/sujit/Downloads/pandalytic/node_cms/node_modules/express/lib/router/index.js:284:7\n    at Function.process_params (/Users/sujit/Downloads/pandalytic/node_cms/node_modules/express/lib/router/index.js:335:12)\n    at next (/Users/sujit/Downloads/pandalytic/node_cms/node_modules/express/lib/router/index.js:275:10)\n    at /Users/sujit/Downloads/pandalytic/node_cms/node_modules/express/lib/router/index.js:635:15\n    at next (/Users/sujit/Downloads/pandalytic/node_cms/node_modules/express/lib/router/index.js:260:14)\n    at Function.handle (/Users/sujit/Downloads/pandalytic/node_cms/node_modules/express/lib/router/index.js:174:3)\n    at router (/Users/sujit/Downloads/pandalytic/node_cms/node_modules/express/lib/router/index.js:47:12)\n    at Layer.handle [as handle_request] (/Users/sujit/Downloads/pandalytic/node_cms/node_modules/express/lib/router/layer.js:95:5)\n    at trim_prefix (/Users/sujit/Downloads/pandalytic/node_cms/node_modules/express/lib/router/index.js:317:13)"}
{"service":"user-service","level":"error","message":"Cannot read property 'method' of undefined Cannot read property 'method' of undefined","stack":"TypeError: Cannot read property 'method' of undefined\n    at /Users/sujit/Downloads/pandalytic/node_cms/middleware/multer.js:20:33\n    at Array.<anonymous> (/Users/sujit/Downloads/pandalytic/node_cms/node_modules/multer/lib/make-middleware.js:53:37)\n    at listener (/Users/sujit/Downloads/pandalytic/node_cms/node_modules/on-finished/index.js:169:15)\n    at onFinish (/Users/sujit/Downloads/pandalytic/node_cms/node_modules/on-finished/index.js:100:5)\n    at callback (/Users/sujit/Downloads/pandalytic/node_cms/node_modules/ee-first/index.js:55:10)\n    at IncomingMessage.onevent (/Users/sujit/Downloads/pandalytic/node_cms/node_modules/ee-first/index.js:93:5)\n    at IncomingMessage.emit (events.js:203:15)\n    at endReadableNT (_stream_readable.js:1129:12)\n    at process._tickCallback (internal/process/next_tick.js:63:19)"}
{"service":"user-service","level":"error","message":"Cannot read property 'methods' of undefined Cannot read property 'methods' of undefined","stack":"TypeError: Cannot read property 'methods' of undefined\n    at /Users/sujit/Downloads/pandalytic/node_cms/middleware/multer.js:20:33\n    at Array.<anonymous> (/Users/sujit/Downloads/pandalytic/node_cms/node_modules/multer/lib/make-middleware.js:53:37)\n    at listener (/Users/sujit/Downloads/pandalytic/node_cms/node_modules/on-finished/index.js:169:15)\n    at onFinish (/Users/sujit/Downloads/pandalytic/node_cms/node_modules/on-finished/index.js:100:5)\n    at callback (/Users/sujit/Downloads/pandalytic/node_cms/node_modules/ee-first/index.js:55:10)\n    at IncomingMessage.onevent (/Users/sujit/Downloads/pandalytic/node_cms/node_modules/ee-first/index.js:93:5)\n    at IncomingMessage.emit (events.js:203:15)\n    at endReadableNT (_stream_readable.js:1129:12)\n    at process._tickCallback (internal/process/next_tick.js:63:19)"}
{"service":"user-service","level":"error","message":"Cannot read property 'path' of undefined Cannot read property 'path' of undefined","stack":"TypeError: Cannot read property 'path' of undefined\n    at router.put.asyncMiddleware (/Users/sujit/Downloads/pandalytic/node_cms/routes/teams.js:22:24)\n    at /Users/sujit/Downloads/pandalytic/node_cms/middleware/async.js:4:13\n    at Layer.handle [as handle_request] (/Users/sujit/Downloads/pandalytic/node_cms/node_modules/express/lib/router/layer.js:95:5)\n    at next (/Users/sujit/Downloads/pandalytic/node_cms/node_modules/express/lib/router/route.js:137:13)\n    at /Users/sujit/Downloads/pandalytic/node_cms/middleware/multer.js:33:5\n    at Array.<anonymous> (/Users/sujit/Downloads/pandalytic/node_cms/node_modules/multer/lib/make-middleware.js:53:37)\n    at listener (/Users/sujit/Downloads/pandalytic/node_cms/node_modules/on-finished/index.js:169:15)\n    at onFinish (/Users/sujit/Downloads/pandalytic/node_cms/node_modules/on-finished/index.js:100:5)\n    at callback (/Users/sujit/Downloads/pandalytic/node_cms/node_modules/ee-first/index.js:55:10)\n    at IncomingMessage.onevent (/Users/sujit/Downloads/pandalytic/node_cms/node_modules/ee-first/index.js:93:5)\n    at IncomingMessage.emit (events.js:203:15)\n    at endReadableNT (_stream_readable.js:1129:12)\n    at process._tickCallback (internal/process/next_tick.js:63:19)"}
{"service":"user-service","level":"error","message":"Cannot read property 'secure_url' of undefined Cannot read property 'secure_url' of undefined","stack":"TypeError: Cannot read property 'secure_url' of undefined\n    at exports.updateTeamInfo (/Users/sujit/Downloads/pandalytic/node_cms/controllers/team.controller.js:67:22)\n    at /Users/sujit/Downloads/pandalytic/node_cms/middleware/async.js:4:13\n    at Layer.handle [as handle_request] (/Users/sujit/Downloads/pandalytic/node_cms/node_modules/express/lib/router/layer.js:95:5)\n    at next (/Users/sujit/Downloads/pandalytic/node_cms/node_modules/express/lib/router/route.js:137:13)\n    at /Users/sujit/Downloads/pandalytic/node_cms/middleware/multer.js:32:5\n    at Array.<anonymous> (/Users/sujit/Downloads/pandalytic/node_cms/node_modules/multer/lib/make-middleware.js:53:37)\n    at listener (/Users/sujit/Downloads/pandalytic/node_cms/node_modules/on-finished/index.js:169:15)\n    at onFinish (/Users/sujit/Downloads/pandalytic/node_cms/node_modules/on-finished/index.js:100:5)\n    at callback (/Users/sujit/Downloads/pandalytic/node_cms/node_modules/ee-first/index.js:55:10)\n    at IncomingMessage.onevent (/Users/sujit/Downloads/pandalytic/node_cms/node_modules/ee-first/index.js:93:5)\n    at IncomingMessage.emit (events.js:203:15)\n    at endReadableNT (_stream_readable.js:1129:12)\n    at process._tickCallback (internal/process/next_tick.js:63:19)"}
{"service":"user-service","level":"error","message":"imageUri is not defined imageUri is not defined","stack":"ReferenceError: imageUri is not defined\n    at exports.updateTeamInfo (/Users/sujit/Downloads/pandalytic/node_cms/controllers/team.controller.js:67:65)\n    at /Users/sujit/Downloads/pandalytic/node_cms/middleware/async.js:4:13\n    at Layer.handle [as handle_request] (/Users/sujit/Downloads/pandalytic/node_cms/node_modules/express/lib/router/layer.js:95:5)\n    at next (/Users/sujit/Downloads/pandalytic/node_cms/node_modules/express/lib/router/route.js:137:13)\n    at /Users/sujit/Downloads/pandalytic/node_cms/middleware/multer.js:32:5\n    at Array.<anonymous> (/Users/sujit/Downloads/pandalytic/node_cms/node_modules/multer/lib/make-middleware.js:53:37)\n    at listener (/Users/sujit/Downloads/pandalytic/node_cms/node_modules/on-finished/index.js:169:15)\n    at onFinish (/Users/sujit/Downloads/pandalytic/node_cms/node_modules/on-finished/index.js:100:5)\n    at callback (/Users/sujit/Downloads/pandalytic/node_cms/node_modules/ee-first/index.js:55:10)\n    at IncomingMessage.onevent (/Users/sujit/Downloads/pandalytic/node_cms/node_modules/ee-first/index.js:93:5)\n    at IncomingMessage.emit (events.js:203:15)\n    at endReadableNT (_stream_readable.js:1129:12)\n    at process._tickCallback (internal/process/next_tick.js:63:19)"}
{"service":"user-service","level":"error","message":"teamInfoUpdated is not defined teamInfoUpdated is not defined","stack":"ReferenceError: teamInfoUpdated is not defined\n    at exports.updateTeamInfo (/Users/sujit/Downloads/pandalytic/node_cms/controllers/team.controller.js:69:65)"}
{"service":"user-service","stringValue":"\"[Function: now]\"","kind":"date","path":"updatedAt","reason":{"generatedMessage":true,"name":"AssertionError [ERR_ASSERTION]","code":"ERR_ASSERTION","actual":false,"expected":true,"operator":"=="},"level":"error","message":"Cast to date failed for value \"[Function: now]\" at path \"updatedAt\" Cast to date failed for value \"[Function: now]\" at path \"updatedAt\"","stack":"CastError: Cast to date failed for value \"[Function: now]\" at path \"updatedAt\"\n    at model.Query.exec (/Users/sujit/Downloads/pandalytic/node_cms/node_modules/mongoose/lib/query.js:4351:21)\n    at model.Query.Query.then (/Users/sujit/Downloads/pandalytic/node_cms/node_modules/mongoose/lib/query.js:4443:15)"}
{"service":"user-service","level":"error","message":"updatedAt is not defined updatedAt is not defined","stack":"ReferenceError: updatedAt is not defined\n    at exports.updateTeamInfo (/Users/sujit/Downloads/pandalytic/node_cms/controllers/team.controller.js:64:12)\n    at /Users/sujit/Downloads/pandalytic/node_cms/middleware/async.js:4:13\n    at Layer.handle [as handle_request] (/Users/sujit/Downloads/pandalytic/node_cms/node_modules/express/lib/router/layer.js:95:5)\n    at next (/Users/sujit/Downloads/pandalytic/node_cms/node_modules/express/lib/router/route.js:137:13)\n    at /Users/sujit/Downloads/pandalytic/node_cms/middleware/multer.js:32:5\n    at Array.<anonymous> (/Users/sujit/Downloads/pandalytic/node_cms/node_modules/multer/lib/make-middleware.js:53:37)\n    at listener (/Users/sujit/Downloads/pandalytic/node_cms/node_modules/on-finished/index.js:169:15)\n    at onFinish (/Users/sujit/Downloads/pandalytic/node_cms/node_modules/on-finished/index.js:100:5)\n    at callback (/Users/sujit/Downloads/pandalytic/node_cms/node_modules/ee-first/index.js:55:10)\n    at IncomingMessage.onevent (/Users/sujit/Downloads/pandalytic/node_cms/node_modules/ee-first/index.js:93:5)\n    at IncomingMessage.emit (events.js:203:15)\n    at endReadableNT (_stream_readable.js:1129:12)\n    at process._tickCallback (internal/process/next_tick.js:63:19)"}
{"service":"user-service","level":"error","message":"Cannot read property 'size' of undefined Cannot read property 'size' of undefined","stack":"TypeError: Cannot read property 'size' of undefined\n    at /Users/sujit/Downloads/pandalytic/node_cms/middleware/multer.js:23:23\n    at Array.<anonymous> (/Users/sujit/Downloads/pandalytic/node_cms/node_modules/multer/lib/make-middleware.js:53:37)\n    at listener (/Users/sujit/Downloads/pandalytic/node_cms/node_modules/on-finished/index.js:169:15)\n    at onFinish (/Users/sujit/Downloads/pandalytic/node_cms/node_modules/on-finished/index.js:100:5)\n    at callback (/Users/sujit/Downloads/pandalytic/node_cms/node_modules/ee-first/index.js:55:10)\n    at IncomingMessage.onevent (/Users/sujit/Downloads/pandalytic/node_cms/node_modules/ee-first/index.js:93:5)\n    at IncomingMessage.emit (events.js:203:15)\n    at endReadableNT (_stream_readable.js:1129:12)\n    at process._tickCallback (internal/process/next_tick.js:63:19)"}
{"service":"user-service","level":"error","message":"team is not defined team is not defined","stack":"ReferenceError: team is not defined\n    at exports.getTeamInfo (/Users/sujit/Downloads/pandalytic/node_cms/controllers/team.controller.js:31:24)"}
{"service":"user-service","level":"error","message":"team is not defined team is not defined","stack":"ReferenceError: team is not defined\n    at exports.getTeamInfo (/Users/sujit/Downloads/pandalytic/node_cms/controllers/team.controller.js:31:24)"}
{"service":"user-service","level":"error","message":"team is not defined team is not defined","stack":"ReferenceError: team is not defined\n    at exports.getTeamInfo (/Users/sujit/Downloads/pandalytic/node_cms/controllers/team.controller.js:31:24)"}
{"service":"user-service","level":"error","message":"team is not defined team is not defined","stack":"ReferenceError: team is not defined\n    at exports.getTeamInfo (/Users/sujit/Downloads/pandalytic/node_cms/controllers/team.controller.js:31:24)"}
{"service":"user-service","level":"error","message":"team is not defined team is not defined","stack":"ReferenceError: team is not defined\n    at exports.getTeamInfo (/Users/sujit/Downloads/pandalytic/node_cms/controllers/team.controller.js:31:24)"}
{"service":"user-service","level":"error","message":"team is not defined team is not defined","stack":"ReferenceError: team is not defined\n    at exports.getTeamInfo (/Users/sujit/Downloads/pandalytic/node_cms/controllers/team.controller.js:31:24)"}
{"service":"user-service","level":"error","message":"team is not defined team is not defined","stack":"ReferenceError: team is not defined\n    at exports.getTeamInfo (/Users/sujit/Downloads/pandalytic/node_cms/controllers/team.controller.js:31:24)"}
{"service":"user-service","level":"error","message":"team is not defined team is not defined","stack":"ReferenceError: team is not defined\n    at exports.getTeamInfo (/Users/sujit/Downloads/pandalytic/node_cms/controllers/team.controller.js:31:24)"}
{"service":"user-service","level":"error","message":"Joi.date(...).require is not a function Joi.date(...).require is not a function","stack":"TypeError: Joi.date(...).require is not a function\n    at validateCareer (/Users/sujit/Downloads/pandalytic/node_cms/models/career.js:50:27)\n    at exports.postCareer (/Users/sujit/Downloads/pandalytic/node_cms/controllers/career.controller.js:29:21)\n    at /Users/sujit/Downloads/pandalytic/node_cms/middleware/async.js:4:13\n    at Layer.handle [as handle_request] (/Users/sujit/Downloads/pandalytic/node_cms/node_modules/express/lib/router/layer.js:95:5)\n    at next (/Users/sujit/Downloads/pandalytic/node_cms/node_modules/express/lib/router/route.js:137:13)\n    at module.exports (/Users/sujit/Downloads/pandalytic/node_cms/middleware/auth.js:11:5)\n    at Layer.handle [as handle_request] (/Users/sujit/Downloads/pandalytic/node_cms/node_modules/express/lib/router/layer.js:95:5)\n    at next (/Users/sujit/Downloads/pandalytic/node_cms/node_modules/express/lib/router/route.js:137:13)\n    at Route.dispatch (/Users/sujit/Downloads/pandalytic/node_cms/node_modules/express/lib/router/route.js:112:3)\n    at Layer.handle [as handle_request] (/Users/sujit/Downloads/pandalytic/node_cms/node_modules/express/lib/router/layer.js:95:5)\n    at /Users/sujit/Downloads/pandalytic/node_cms/node_modules/express/lib/router/index.js:281:22\n    at Function.process_params (/Users/sujit/Downloads/pandalytic/node_cms/node_modules/express/lib/router/index.js:335:12)\n    at next (/Users/sujit/Downloads/pandalytic/node_cms/node_modules/express/lib/router/index.js:275:10)\n    at Function.handle (/Users/sujit/Downloads/pandalytic/node_cms/node_modules/express/lib/router/index.js:174:3)\n    at router (/Users/sujit/Downloads/pandalytic/node_cms/node_modules/express/lib/router/index.js:47:12)\n    at Layer.handle [as handle_request] (/Users/sujit/Downloads/pandalytic/node_cms/node_modules/express/lib/router/layer.js:95:5)\n    at trim_prefix (/Users/sujit/Downloads/pandalytic/node_cms/node_modules/express/lib/router/index.js:317:13)\n    at /Users/sujit/Downloads/pandalytic/node_cms/node_modules/express/lib/router/index.js:284:7\n    at Function.process_params (/Users/sujit/Downloads/pandalytic/node_cms/node_modules/express/lib/router/index.js:335:12)\n    at next (/Users/sujit/Downloads/pandalytic/node_cms/node_modules/express/lib/router/index.js:275:10)\n    at /Users/sujit/Downloads/pandalytic/node_cms/node_modules/express/lib/router/index.js:635:15\n    at next (/Users/sujit/Downloads/pandalytic/node_cms/node_modules/express/lib/router/index.js:260:14)"}
{"service":"user-service","level":"error","message":"Unknown date format YYYY/MM/DD Unknown date format YYYY/MM/DD","stack":"Error: Unknown date format YYYY/MM/DD\n    at new module.exports (/Users/sujit/Downloads/pandalytic/node_cms/node_modules/@hapi/hoek/lib/error.js:23:19)\n    at module.exports (/Users/sujit/Downloads/pandalytic/node_cms/node_modules/@hapi/hoek/lib/assert.js:20:11)\n    at internals.Base.method [as format] (/Users/sujit/Downloads/pandalytic/node_cms/node_modules/joi/lib/types/date.js:81:17)\n    at validateCareer (/Users/sujit/Downloads/pandalytic/node_cms/models/career.js:53:27)\n    at exports.postCareer (/Users/sujit/Downloads/pandalytic/node_cms/controllers/career.controller.js:29:21)\n    at /Users/sujit/Downloads/pandalytic/node_cms/middleware/async.js:4:13\n    at Layer.handle [as handle_request] (/Users/sujit/Downloads/pandalytic/node_cms/node_modules/express/lib/router/layer.js:95:5)\n    at next (/Users/sujit/Downloads/pandalytic/node_cms/node_modules/express/lib/router/route.js:137:13)\n    at module.exports (/Users/sujit/Downloads/pandalytic/node_cms/middleware/auth.js:11:5)\n    at Layer.handle [as handle_request] (/Users/sujit/Downloads/pandalytic/node_cms/node_modules/express/lib/router/layer.js:95:5)\n    at next (/Users/sujit/Downloads/pandalytic/node_cms/node_modules/express/lib/router/route.js:137:13)\n    at Route.dispatch (/Users/sujit/Downloads/pandalytic/node_cms/node_modules/express/lib/router/route.js:112:3)\n    at Layer.handle [as handle_request] (/Users/sujit/Downloads/pandalytic/node_cms/node_modules/express/lib/router/layer.js:95:5)\n    at /Users/sujit/Downloads/pandalytic/node_cms/node_modules/express/lib/router/index.js:281:22\n    at Function.process_params (/Users/sujit/Downloads/pandalytic/node_cms/node_modules/express/lib/router/index.js:335:12)\n    at next (/Users/sujit/Downloads/pandalytic/node_cms/node_modules/express/lib/router/index.js:275:10)\n    at Function.handle (/Users/sujit/Downloads/pandalytic/node_cms/node_modules/express/lib/router/index.js:174:3)\n    at router (/Users/sujit/Downloads/pandalytic/node_cms/node_modules/express/lib/router/index.js:47:12)\n    at Layer.handle [as handle_request] (/Users/sujit/Downloads/pandalytic/node_cms/node_modules/express/lib/router/layer.js:95:5)\n    at trim_prefix (/Users/sujit/Downloads/pandalytic/node_cms/node_modules/express/lib/router/index.js:317:13)\n    at /Users/sujit/Downloads/pandalytic/node_cms/node_modules/express/lib/router/index.js:284:7\n    at Function.process_params (/Users/sujit/Downloads/pandalytic/node_cms/node_modules/express/lib/router/index.js:335:12)"}
{"service":"user-service","level":"error","message":"Unknown date format YYYY-MM-DD Unknown date format YYYY-MM-DD","stack":"Error: Unknown date format YYYY-MM-DD\n    at new module.exports (/Users/sujit/Downloads/pandalytic/node_cms/node_modules/@hapi/hoek/lib/error.js:23:19)\n    at module.exports (/Users/sujit/Downloads/pandalytic/node_cms/node_modules/@hapi/hoek/lib/assert.js:20:11)\n    at internals.Base.method [as format] (/Users/sujit/Downloads/pandalytic/node_cms/node_modules/joi/lib/types/date.js:81:17)\n    at validateCareer (/Users/sujit/Downloads/pandalytic/node_cms/models/career.js:53:27)\n    at exports.postCareer (/Users/sujit/Downloads/pandalytic/node_cms/controllers/career.controller.js:29:21)\n    at /Users/sujit/Downloads/pandalytic/node_cms/middleware/async.js:4:13\n    at Layer.handle [as handle_request] (/Users/sujit/Downloads/pandalytic/node_cms/node_modules/express/lib/router/layer.js:95:5)\n    at next (/Users/sujit/Downloads/pandalytic/node_cms/node_modules/express/lib/router/route.js:137:13)\n    at module.exports (/Users/sujit/Downloads/pandalytic/node_cms/middleware/auth.js:11:5)\n    at Layer.handle [as handle_request] (/Users/sujit/Downloads/pandalytic/node_cms/node_modules/express/lib/router/layer.js:95:5)\n    at next (/Users/sujit/Downloads/pandalytic/node_cms/node_modules/express/lib/router/route.js:137:13)\n    at Route.dispatch (/Users/sujit/Downloads/pandalytic/node_cms/node_modules/express/lib/router/route.js:112:3)\n    at Layer.handle [as handle_request] (/Users/sujit/Downloads/pandalytic/node_cms/node_modules/express/lib/router/layer.js:95:5)\n    at /Users/sujit/Downloads/pandalytic/node_cms/node_modules/express/lib/router/index.js:281:22\n    at Function.process_params (/Users/sujit/Downloads/pandalytic/node_cms/node_modules/express/lib/router/index.js:335:12)\n    at next (/Users/sujit/Downloads/pandalytic/node_cms/node_modules/express/lib/router/index.js:275:10)\n    at Function.handle (/Users/sujit/Downloads/pandalytic/node_cms/node_modules/express/lib/router/index.js:174:3)\n    at router (/Users/sujit/Downloads/pandalytic/node_cms/node_modules/express/lib/router/index.js:47:12)\n    at Layer.handle [as handle_request] (/Users/sujit/Downloads/pandalytic/node_cms/node_modules/express/lib/router/layer.js:95:5)\n    at trim_prefix (/Users/sujit/Downloads/pandalytic/node_cms/node_modules/express/lib/router/index.js:317:13)\n    at /Users/sujit/Downloads/pandalytic/node_cms/node_modules/express/lib/router/index.js:284:7\n    at Function.process_params (/Users/sujit/Downloads/pandalytic/node_cms/node_modules/express/lib/router/index.js:335:12)"}
{"service":"user-service","level":"error","message":"Joi.date(...).require is not a function Joi.date(...).require is not a function","stack":"TypeError: Joi.date(...).require is not a function\n    at validateCareer (/Users/sujit/Downloads/pandalytic/node_cms/models/career.js:53:27)\n    at exports.postCareer (/Users/sujit/Downloads/pandalytic/node_cms/controllers/career.controller.js:29:21)\n    at /Users/sujit/Downloads/pandalytic/node_cms/middleware/async.js:4:13\n    at Layer.handle [as handle_request] (/Users/sujit/Downloads/pandalytic/node_cms/node_modules/express/lib/router/layer.js:95:5)\n    at next (/Users/sujit/Downloads/pandalytic/node_cms/node_modules/express/lib/router/route.js:137:13)\n    at module.exports (/Users/sujit/Downloads/pandalytic/node_cms/middleware/auth.js:11:5)\n    at Layer.handle [as handle_request] (/Users/sujit/Downloads/pandalytic/node_cms/node_modules/express/lib/router/layer.js:95:5)\n    at next (/Users/sujit/Downloads/pandalytic/node_cms/node_modules/express/lib/router/route.js:137:13)\n    at Route.dispatch (/Users/sujit/Downloads/pandalytic/node_cms/node_modules/express/lib/router/route.js:112:3)\n    at Layer.handle [as handle_request] (/Users/sujit/Downloads/pandalytic/node_cms/node_modules/express/lib/router/layer.js:95:5)\n    at /Users/sujit/Downloads/pandalytic/node_cms/node_modules/express/lib/router/index.js:281:22\n    at Function.process_params (/Users/sujit/Downloads/pandalytic/node_cms/node_modules/express/lib/router/index.js:335:12)\n    at next (/Users/sujit/Downloads/pandalytic/node_cms/node_modules/express/lib/router/index.js:275:10)\n    at Function.handle (/Users/sujit/Downloads/pandalytic/node_cms/node_modules/express/lib/router/index.js:174:3)\n    at router (/Users/sujit/Downloads/pandalytic/node_cms/node_modules/express/lib/router/index.js:47:12)\n    at Layer.handle [as handle_request] (/Users/sujit/Downloads/pandalytic/node_cms/node_modules/express/lib/router/layer.js:95:5)\n    at trim_prefix (/Users/sujit/Downloads/pandalytic/node_cms/node_modules/express/lib/router/index.js:317:13)\n    at /Users/sujit/Downloads/pandalytic/node_cms/node_modules/express/lib/router/index.js:284:7\n    at Function.process_params (/Users/sujit/Downloads/pandalytic/node_cms/node_modules/express/lib/router/index.js:335:12)\n    at next (/Users/sujit/Downloads/pandalytic/node_cms/node_modules/express/lib/router/index.js:275:10)\n    at /Users/sujit/Downloads/pandalytic/node_cms/node_modules/express/lib/router/index.js:635:15\n    at next (/Users/sujit/Downloads/pandalytic/node_cms/node_modules/express/lib/router/index.js:260:14)"}
{"service":"user-service","level":"error","message":"Joi.string(...).require is not a function Joi.string(...).require is not a function","stack":"TypeError: Joi.string(...).require is not a function\n    at validateCareer (/Users/sujit/Downloads/pandalytic/node_cms/models/career.js:50:29)\n    at exports.postCareer (/Users/sujit/Downloads/pandalytic/node_cms/controllers/career.controller.js:29:21)\n    at /Users/sujit/Downloads/pandalytic/node_cms/middleware/async.js:4:13\n    at Layer.handle [as handle_request] (/Users/sujit/Downloads/pandalytic/node_cms/node_modules/express/lib/router/layer.js:95:5)\n    at next (/Users/sujit/Downloads/pandalytic/node_cms/node_modules/express/lib/router/route.js:137:13)\n    at module.exports (/Users/sujit/Downloads/pandalytic/node_cms/middleware/auth.js:11:5)\n    at Layer.handle [as handle_request] (/Users/sujit/Downloads/pandalytic/node_cms/node_modules/express/lib/router/layer.js:95:5)\n    at next (/Users/sujit/Downloads/pandalytic/node_cms/node_modules/express/lib/router/route.js:137:13)\n    at Route.dispatch (/Users/sujit/Downloads/pandalytic/node_cms/node_modules/express/lib/router/route.js:112:3)\n    at Layer.handle [as handle_request] (/Users/sujit/Downloads/pandalytic/node_cms/node_modules/express/lib/router/layer.js:95:5)\n    at /Users/sujit/Downloads/pandalytic/node_cms/node_modules/express/lib/router/index.js:281:22\n    at Function.process_params (/Users/sujit/Downloads/pandalytic/node_cms/node_modules/express/lib/router/index.js:335:12)\n    at next (/Users/sujit/Downloads/pandalytic/node_cms/node_modules/express/lib/router/index.js:275:10)\n    at Function.handle (/Users/sujit/Downloads/pandalytic/node_cms/node_modules/express/lib/router/index.js:174:3)\n    at router (/Users/sujit/Downloads/pandalytic/node_cms/node_modules/express/lib/router/index.js:47:12)\n    at Layer.handle [as handle_request] (/Users/sujit/Downloads/pandalytic/node_cms/node_modules/express/lib/router/layer.js:95:5)\n    at trim_prefix (/Users/sujit/Downloads/pandalytic/node_cms/node_modules/express/lib/router/index.js:317:13)\n    at /Users/sujit/Downloads/pandalytic/node_cms/node_modules/express/lib/router/index.js:284:7\n    at Function.process_params (/Users/sujit/Downloads/pandalytic/node_cms/node_modules/express/lib/router/index.js:335:12)\n    at next (/Users/sujit/Downloads/pandalytic/node_cms/node_modules/express/lib/router/index.js:275:10)\n    at /Users/sujit/Downloads/pandalytic/node_cms/node_modules/express/lib/router/index.js:635:15\n    at next (/Users/sujit/Downloads/pandalytic/node_cms/node_modules/express/lib/router/index.js:260:14)"}
{"service":"user-service","level":"error","message":"Joi.string(...).min(...).require is not a function Joi.string(...).min(...).require is not a function","stack":"TypeError: Joi.string(...).min(...).require is not a function\n    at validateCareer (/Users/sujit/Downloads/pandalytic/node_cms/models/career.js:50:38)\n    at exports.postCareer (/Users/sujit/Downloads/pandalytic/node_cms/controllers/career.controller.js:29:21)\n    at /Users/sujit/Downloads/pandalytic/node_cms/middleware/async.js:4:13\n    at Layer.handle [as handle_request] (/Users/sujit/Downloads/pandalytic/node_cms/node_modules/express/lib/router/layer.js:95:5)\n    at next (/Users/sujit/Downloads/pandalytic/node_cms/node_modules/express/lib/router/route.js:137:13)\n    at module.exports (/Users/sujit/Downloads/pandalytic/node_cms/middleware/auth.js:11:5)\n    at Layer.handle [as handle_request] (/Users/sujit/Downloads/pandalytic/node_cms/node_modules/express/lib/router/layer.js:95:5)\n    at next (/Users/sujit/Downloads/pandalytic/node_cms/node_modules/express/lib/router/route.js:137:13)\n    at Route.dispatch (/Users/sujit/Downloads/pandalytic/node_cms/node_modules/express/lib/router/route.js:112:3)\n    at Layer.handle [as handle_request] (/Users/sujit/Downloads/pandalytic/node_cms/node_modules/express/lib/router/layer.js:95:5)\n    at /Users/sujit/Downloads/pandalytic/node_cms/node_modules/express/lib/router/index.js:281:22\n    at Function.process_params (/Users/sujit/Downloads/pandalytic/node_cms/node_modules/express/lib/router/index.js:335:12)\n    at next (/Users/sujit/Downloads/pandalytic/node_cms/node_modules/express/lib/router/index.js:275:10)\n    at Function.handle (/Users/sujit/Downloads/pandalytic/node_cms/node_modules/express/lib/router/index.js:174:3)\n    at router (/Users/sujit/Downloads/pandalytic/node_cms/node_modules/express/lib/router/index.js:47:12)\n    at Layer.handle [as handle_request] (/Users/sujit/Downloads/pandalytic/node_cms/node_modules/express/lib/router/layer.js:95:5)\n    at trim_prefix (/Users/sujit/Downloads/pandalytic/node_cms/node_modules/express/lib/router/index.js:317:13)\n    at /Users/sujit/Downloads/pandalytic/node_cms/node_modules/express/lib/router/index.js:284:7\n    at Function.process_params (/Users/sujit/Downloads/pandalytic/node_cms/node_modules/express/lib/router/index.js:335:12)\n    at next (/Users/sujit/Downloads/pandalytic/node_cms/node_modules/express/lib/router/index.js:275:10)\n    at /Users/sujit/Downloads/pandalytic/node_cms/node_modules/express/lib/router/index.js:635:15\n    at next (/Users/sujit/Downloads/pandalytic/node_cms/node_modules/express/lib/router/index.js:260:14)"}
{"service":"user-service","level":"error","message":"Invalid status code: Error Invalid status code: Error","stack":"RangeError [ERR_HTTP_INVALID_STATUS_CODE]: Invalid status code: Error\n    at ServerResponse.writeHead (_http_server.js:209:11)\n    at ServerResponse._implicitHeader (_http_server.js:200:8)\n    at write_ (_http_outgoing.js:585:9)\n    at ServerResponse.end (_http_outgoing.js:702:5)\n    at ServerResponse.send (/Users/sujit/Downloads/pandalytic/node_cms/node_modules/express/lib/response.js:221:10)\n    at exports.getPricingList (/Users/sujit/Downloads/pandalytic/node_cms/controllers/pricing.controller.js:22:28)\n    at /Users/sujit/Downloads/pandalytic/node_cms/middleware/async.js:4:13\n    at Layer.handle [as handle_request] (/Users/sujit/Downloads/pandalytic/node_cms/node_modules/express/lib/router/layer.js:95:5)\n    at next (/Users/sujit/Downloads/pandalytic/node_cms/node_modules/express/lib/router/route.js:137:13)\n    at Route.dispatch (/Users/sujit/Downloads/pandalytic/node_cms/node_modules/express/lib/router/route.js:112:3)\n    at Layer.handle [as handle_request] (/Users/sujit/Downloads/pandalytic/node_cms/node_modules/express/lib/router/layer.js:95:5)\n    at /Users/sujit/Downloads/pandalytic/node_cms/node_modules/express/lib/router/index.js:281:22\n    at Function.process_params (/Users/sujit/Downloads/pandalytic/node_cms/node_modules/express/lib/router/index.js:335:12)\n    at next (/Users/sujit/Downloads/pandalytic/node_cms/node_modules/express/lib/router/index.js:275:10)\n    at Function.handle (/Users/sujit/Downloads/pandalytic/node_cms/node_modules/express/lib/router/index.js:174:3)\n    at router (/Users/sujit/Downloads/pandalytic/node_cms/node_modules/express/lib/router/index.js:47:12)\n    at Layer.handle [as handle_request] (/Users/sujit/Downloads/pandalytic/node_cms/node_modules/express/lib/router/layer.js:95:5)\n    at trim_prefix (/Users/sujit/Downloads/pandalytic/node_cms/node_modules/express/lib/router/index.js:317:13)\n    at /Users/sujit/Downloads/pandalytic/node_cms/node_modules/express/lib/router/index.js:284:7\n    at Function.process_params (/Users/sujit/Downloads/pandalytic/node_cms/node_modules/express/lib/router/index.js:335:12)\n    at next (/Users/sujit/Downloads/pandalytic/node_cms/node_modules/express/lib/router/index.js:275:10)\n    at /Users/sujit/Downloads/pandalytic/node_cms/node_modules/express/lib/router/index.js:635:15"}
{"service":"user-service","level":"error","message":"Invalid status code: Error Invalid status code: Error","stack":"RangeError [ERR_HTTP_INVALID_STATUS_CODE]: Invalid status code: Error\n    at ServerResponse.writeHead (_http_server.js:209:11)\n    at ServerResponse._implicitHeader (_http_server.js:200:8)\n    at write_ (_http_outgoing.js:585:9)\n    at ServerResponse.end (_http_outgoing.js:702:5)\n    at ServerResponse.send (/Users/sujit/Downloads/pandalytic/node_cms/node_modules/express/lib/response.js:221:10)\n    at exports.getPricingList (/Users/sujit/Downloads/pandalytic/node_cms/controllers/pricing.controller.js:22:28)\n    at /Users/sujit/Downloads/pandalytic/node_cms/middleware/async.js:4:13\n    at Layer.handle [as handle_request] (/Users/sujit/Downloads/pandalytic/node_cms/node_modules/express/lib/router/layer.js:95:5)\n    at next (/Users/sujit/Downloads/pandalytic/node_cms/node_modules/express/lib/router/route.js:137:13)\n    at Route.dispatch (/Users/sujit/Downloads/pandalytic/node_cms/node_modules/express/lib/router/route.js:112:3)\n    at Layer.handle [as handle_request] (/Users/sujit/Downloads/pandalytic/node_cms/node_modules/express/lib/router/layer.js:95:5)\n    at /Users/sujit/Downloads/pandalytic/node_cms/node_modules/express/lib/router/index.js:281:22\n    at Function.process_params (/Users/sujit/Downloads/pandalytic/node_cms/node_modules/express/lib/router/index.js:335:12)\n    at next (/Users/sujit/Downloads/pandalytic/node_cms/node_modules/express/lib/router/index.js:275:10)\n    at Function.handle (/Users/sujit/Downloads/pandalytic/node_cms/node_modules/express/lib/router/index.js:174:3)\n    at router (/Users/sujit/Downloads/pandalytic/node_cms/node_modules/express/lib/router/index.js:47:12)\n    at Layer.handle [as handle_request] (/Users/sujit/Downloads/pandalytic/node_cms/node_modules/express/lib/router/layer.js:95:5)\n    at trim_prefix (/Users/sujit/Downloads/pandalytic/node_cms/node_modules/express/lib/router/index.js:317:13)\n    at /Users/sujit/Downloads/pandalytic/node_cms/node_modules/express/lib/router/index.js:284:7\n    at Function.process_params (/Users/sujit/Downloads/pandalytic/node_cms/node_modules/express/lib/router/index.js:335:12)\n    at next (/Users/sujit/Downloads/pandalytic/node_cms/node_modules/express/lib/router/index.js:275:10)\n    at /Users/sujit/Downloads/pandalytic/node_cms/node_modules/express/lib/router/index.js:635:15"}
{"service":"user-service","errors":{"features.0.title":{"properties":{"message":"Path `title` (`Wifi`) is shorter than the minimum allowed length (10).","type":"minlength","minlength":10,"path":"title","value":"Wifi"},"kind":"minlength","path":"title","value":"Wifi"}},"_message":"Pricing validation failed","level":"error","message":"Pricing validation failed: features.0.title: Path `title` (`Wifi`) is shorter than the minimum allowed length (10). Pricing validation failed: features.0.title: Path `title` (`Wifi`) is shorter than the minimum allowed length (10).","stack":"ValidationError: Pricing validation failed: features.0.title: Path `title` (`Wifi`) is shorter than the minimum allowed length (10).\n    at model.Document.invalidate (/Users/sujit/Downloads/pandalytic/node_cms/node_modules/mongoose/lib/document.js:2575:32)\n    at EmbeddedDocument.invalidate (/Users/sujit/Downloads/pandalytic/node_cms/node_modules/mongoose/lib/types/embedded.js:291:29)\n    at /Users/sujit/Downloads/pandalytic/node_cms/node_modules/mongoose/lib/document.js:2395:17\n    at /Users/sujit/Downloads/pandalytic/node_cms/node_modules/mongoose/lib/schematype.js:1221:9\n    at process._tickCallback (internal/process/next_tick.js:61:11)"}
{"service":"user-service","level":"error","message":"Blog is not defined Blog is not defined","stack":"ReferenceError: Blog is not defined\n    at exports.deletePricingById (/Users/sujit/Downloads/pandalytic/node_cms/controllers/pricing.controller.js:42:19)\n    at /Users/sujit/Downloads/pandalytic/node_cms/middleware/async.js:4:13\n    at Layer.handle [as handle_request] (/Users/sujit/Downloads/pandalytic/node_cms/node_modules/express/lib/router/layer.js:95:5)\n    at next (/Users/sujit/Downloads/pandalytic/node_cms/node_modules/express/lib/router/route.js:137:13)\n    at module.exports (/Users/sujit/Downloads/pandalytic/node_cms/middleware/validateObjectId.js:7:3)\n    at Layer.handle [as handle_request] (/Users/sujit/Downloads/pandalytic/node_cms/node_modules/express/lib/router/layer.js:95:5)\n    at next (/Users/sujit/Downloads/pandalytic/node_cms/node_modules/express/lib/router/route.js:137:13)\n    at module.exports (/Users/sujit/Downloads/pandalytic/node_cms/middleware/admin.js:6:3)\n    at Layer.handle [as handle_request] (/Users/sujit/Downloads/pandalytic/node_cms/node_modules/express/lib/router/layer.js:95:5)\n    at next (/Users/sujit/Downloads/pandalytic/node_cms/node_modules/express/lib/router/route.js:137:13)\n    at module.exports (/Users/sujit/Downloads/pandalytic/node_cms/middleware/auth.js:11:5)\n    at Layer.handle [as handle_request] (/Users/sujit/Downloads/pandalytic/node_cms/node_modules/express/lib/router/layer.js:95:5)\n    at next (/Users/sujit/Downloads/pandalytic/node_cms/node_modules/express/lib/router/route.js:137:13)\n    at Route.dispatch (/Users/sujit/Downloads/pandalytic/node_cms/node_modules/express/lib/router/route.js:112:3)\n    at Layer.handle [as handle_request] (/Users/sujit/Downloads/pandalytic/node_cms/node_modules/express/lib/router/layer.js:95:5)\n    at /Users/sujit/Downloads/pandalytic/node_cms/node_modules/express/lib/router/index.js:281:22\n    at param (/Users/sujit/Downloads/pandalytic/node_cms/node_modules/express/lib/router/index.js:354:14)\n    at param (/Users/sujit/Downloads/pandalytic/node_cms/node_modules/express/lib/router/index.js:365:14)\n    at Function.process_params (/Users/sujit/Downloads/pandalytic/node_cms/node_modules/express/lib/router/index.js:410:3)\n    at next (/Users/sujit/Downloads/pandalytic/node_cms/node_modules/express/lib/router/index.js:275:10)\n    at Function.handle (/Users/sujit/Downloads/pandalytic/node_cms/node_modules/express/lib/router/index.js:174:3)\n    at router (/Users/sujit/Downloads/pandalytic/node_cms/node_modules/express/lib/router/index.js:47:12)"}
{"service":"user-service","errors":{"projectLink":{"properties":{"message":"Path `projectLink` (``) is shorter than the minimum allowed length (5).","type":"minlength","minlength":5,"path":"projectLink","value":""},"kind":"minlength","path":"projectLink","value":""}},"_message":"Project validation failed","level":"error","message":"Project validation failed: projectLink: Path `projectLink` (``) is shorter than the minimum allowed length (5). Project validation failed: projectLink: Path `projectLink` (``) is shorter than the minimum allowed length (5).","stack":"ValidationError: Project validation failed: projectLink: Path `projectLink` (``) is shorter than the minimum allowed length (5).\n    at model.Document.invalidate (/Users/sujit/Downloads/pandalytic/node_cms/node_modules/mongoose/lib/document.js:2575:32)\n    at /Users/sujit/Downloads/pandalytic/node_cms/node_modules/mongoose/lib/document.js:2395:17\n    at /Users/sujit/Downloads/pandalytic/node_cms/node_modules/mongoose/lib/schematype.js:1221:9\n    at process._tickCallback (internal/process/next_tick.js:61:11)"}
{"service":"user-service","level":"error","message":"next is not defined next is not defined","stack":"ReferenceError: next is not defined\n    at exports.getTeamCategory (/Users/sujit/Downloads/pandalytic/node_cms/controllers/team.controller.js:136:5)\n    at /Users/sujit/Downloads/pandalytic/node_cms/middleware/async.js:4:13\n    at Layer.handle [as handle_request] (/Users/sujit/Downloads/pandalytic/node_cms/node_modules/express/lib/router/layer.js:95:5)\n    at next (/Users/sujit/Downloads/pandalytic/node_cms/node_modules/express/lib/router/route.js:137:13)\n    at module.exports (/Users/sujit/Downloads/pandalytic/node_cms/middleware/auth.js:11:5)\n    at Layer.handle [as handle_request] (/Users/sujit/Downloads/pandalytic/node_cms/node_modules/express/lib/router/layer.js:95:5)\n    at next (/Users/sujit/Downloads/pandalytic/node_cms/node_modules/express/lib/router/route.js:137:13)\n    at Route.dispatch (/Users/sujit/Downloads/pandalytic/node_cms/node_modules/express/lib/router/route.js:112:3)\n    at Layer.handle [as handle_request] (/Users/sujit/Downloads/pandalytic/node_cms/node_modules/express/lib/router/layer.js:95:5)\n    at /Users/sujit/Downloads/pandalytic/node_cms/node_modules/express/lib/router/index.js:281:22\n    at Function.process_params (/Users/sujit/Downloads/pandalytic/node_cms/node_modules/express/lib/router/index.js:335:12)\n    at next (/Users/sujit/Downloads/pandalytic/node_cms/node_modules/express/lib/router/index.js:275:10)\n    at Function.handle (/Users/sujit/Downloads/pandalytic/node_cms/node_modules/express/lib/router/index.js:174:3)\n    at router (/Users/sujit/Downloads/pandalytic/node_cms/node_modules/express/lib/router/index.js:47:12)\n    at Layer.handle [as handle_request] (/Users/sujit/Downloads/pandalytic/node_cms/node_modules/express/lib/router/layer.js:95:5)\n    at trim_prefix (/Users/sujit/Downloads/pandalytic/node_cms/node_modules/express/lib/router/index.js:317:13)"}
{"service":"user-service","level":"error","message":"next is not a function next is not a function","stack":"TypeError: next is not a function\n    at exports.updateTeamCategoryById (/Users/sujit/Downloads/pandalytic/node_cms/controllers/team.controller.js:163:5)\n    at process._tickCallback (internal/process/next_tick.js:68:7)"}
{"service":"user-service","level":"error","message":"next is not a function next is not a function","stack":"TypeError: next is not a function\n    at exports.updateTeamCategoryById (/Users/sujit/Downloads/pandalytic/node_cms/controllers/team.controller.js:163:5)\n    at process._tickCallback (internal/process/next_tick.js:68:7)"}
{"service":"user-service","level":"error","message":"next is not a function next is not a function","stack":"TypeError: next is not a function\n    at exports.updateTeamCategoryById (/Users/sujit/Downloads/pandalytic/node_cms/controllers/team.controller.js:163:5)\n    at process._tickCallback (internal/process/next_tick.js:68:7)"}
{"service":"user-service","level":"error","message":"next is not a function next is not a function","stack":"TypeError: next is not a function\n    at exports.postTeamCategory (/Users/sujit/Downloads/pandalytic/node_cms/controllers/team.controller.js:176:5)\n    at /Users/sujit/Downloads/pandalytic/node_cms/middleware/async.js:4:13\n    at Layer.handle [as handle_request] (/Users/sujit/Downloads/pandalytic/node_cms/node_modules/express/lib/router/layer.js:95:5)\n    at next (/Users/sujit/Downloads/pandalytic/node_cms/node_modules/express/lib/router/route.js:137:13)\n    at module.exports (/Users/sujit/Downloads/pandalytic/node_cms/middleware/auth.js:11:5)\n    at Layer.handle [as handle_request] (/Users/sujit/Downloads/pandalytic/node_cms/node_modules/express/lib/router/layer.js:95:5)\n    at next (/Users/sujit/Downloads/pandalytic/node_cms/node_modules/express/lib/router/route.js:137:13)\n    at Route.dispatch (/Users/sujit/Downloads/pandalytic/node_cms/node_modules/express/lib/router/route.js:112:3)\n    at Layer.handle [as handle_request] (/Users/sujit/Downloads/pandalytic/node_cms/node_modules/express/lib/router/layer.js:95:5)\n    at /Users/sujit/Downloads/pandalytic/node_cms/node_modules/express/lib/router/index.js:281:22\n    at Function.process_params (/Users/sujit/Downloads/pandalytic/node_cms/node_modules/express/lib/router/index.js:335:12)\n    at next (/Users/sujit/Downloads/pandalytic/node_cms/node_modules/express/lib/router/index.js:275:10)\n    at Function.handle (/Users/sujit/Downloads/pandalytic/node_cms/node_modules/express/lib/router/index.js:174:3)\n    at router (/Users/sujit/Downloads/pandalytic/node_cms/node_modules/express/lib/router/index.js:47:12)\n    at Layer.handle [as handle_request] (/Users/sujit/Downloads/pandalytic/node_cms/node_modules/express/lib/router/layer.js:95:5)\n    at trim_prefix (/Users/sujit/Downloads/pandalytic/node_cms/node_modules/express/lib/router/index.js:317:13)"}
{"service":"user-service","level":"error","message":"next is not a function next is not a function","stack":"TypeError: next is not a function\n    at exports.postTeamCategory (/Users/sujit/Downloads/pandalytic/node_cms/controllers/team.controller.js:176:5)\n    at /Users/sujit/Downloads/pandalytic/node_cms/middleware/async.js:4:13\n    at Layer.handle [as handle_request] (/Users/sujit/Downloads/pandalytic/node_cms/node_modules/express/lib/router/layer.js:95:5)\n    at next (/Users/sujit/Downloads/pandalytic/node_cms/node_modules/express/lib/router/route.js:137:13)\n    at module.exports (/Users/sujit/Downloads/pandalytic/node_cms/middleware/auth.js:11:5)\n    at Layer.handle [as handle_request] (/Users/sujit/Downloads/pandalytic/node_cms/node_modules/express/lib/router/layer.js:95:5)\n    at next (/Users/sujit/Downloads/pandalytic/node_cms/node_modules/express/lib/router/route.js:137:13)\n    at Route.dispatch (/Users/sujit/Downloads/pandalytic/node_cms/node_modules/express/lib/router/route.js:112:3)\n    at Layer.handle [as handle_request] (/Users/sujit/Downloads/pandalytic/node_cms/node_modules/express/lib/router/layer.js:95:5)\n    at /Users/sujit/Downloads/pandalytic/node_cms/node_modules/express/lib/router/index.js:281:22\n    at Function.process_params (/Users/sujit/Downloads/pandalytic/node_cms/node_modules/express/lib/router/index.js:335:12)\n    at next (/Users/sujit/Downloads/pandalytic/node_cms/node_modules/express/lib/router/index.js:275:10)\n    at Function.handle (/Users/sujit/Downloads/pandalytic/node_cms/node_modules/express/lib/router/index.js:174:3)\n    at router (/Users/sujit/Downloads/pandalytic/node_cms/node_modules/express/lib/router/index.js:47:12)\n    at Layer.handle [as handle_request] (/Users/sujit/Downloads/pandalytic/node_cms/node_modules/express/lib/router/layer.js:95:5)\n    at trim_prefix (/Users/sujit/Downloads/pandalytic/node_cms/node_modules/express/lib/router/index.js:317:13)"}
{"service":"user-service","level":"error","message":"Cannot read property 'details' of undefined Cannot read property 'details' of undefined","stack":"TypeError: Cannot read property 'details' of undefined\n    at exports.postTeamCategory (/Users/sujit/Downloads/pandalytic/node_cms/controllers/team.controller.js:177:102)\n    at /Users/sujit/Downloads/pandalytic/node_cms/middleware/async.js:4:13\n    at Layer.handle [as handle_request] (/Users/sujit/Downloads/pandalytic/node_cms/node_modules/express/lib/router/layer.js:95:5)\n    at next (/Users/sujit/Downloads/pandalytic/node_cms/node_modules/express/lib/router/route.js:137:13)\n    at module.exports (/Users/sujit/Downloads/pandalytic/node_cms/middleware/auth.js:11:5)\n    at Layer.handle [as handle_request] (/Users/sujit/Downloads/pandalytic/node_cms/node_modules/express/lib/router/layer.js:95:5)\n    at next (/Users/sujit/Downloads/pandalytic/node_cms/node_modules/express/lib/router/route.js:137:13)\n    at Route.dispatch (/Users/sujit/Downloads/pandalytic/node_cms/node_modules/express/lib/router/route.js:112:3)\n    at Layer.handle [as handle_request] (/Users/sujit/Downloads/pandalytic/node_cms/node_modules/express/lib/router/layer.js:95:5)\n    at /Users/sujit/Downloads/pandalytic/node_cms/node_modules/express/lib/router/index.js:281:22\n    at Function.process_params (/Users/sujit/Downloads/pandalytic/node_cms/node_modules/express/lib/router/index.js:335:12)\n    at next (/Users/sujit/Downloads/pandalytic/node_cms/node_modules/express/lib/router/index.js:275:10)\n    at Function.handle (/Users/sujit/Downloads/pandalytic/node_cms/node_modules/express/lib/router/index.js:174:3)\n    at router (/Users/sujit/Downloads/pandalytic/node_cms/node_modules/express/lib/router/index.js:47:12)\n    at Layer.handle [as handle_request] (/Users/sujit/Downloads/pandalytic/node_cms/node_modules/express/lib/router/layer.js:95:5)\n    at trim_prefix (/Users/sujit/Downloads/pandalytic/node_cms/node_modules/express/lib/router/index.js:317:13)"}
{"service":"user-service","level":"error","message":"Cannot read property 'details' of undefined Cannot read property 'details' of undefined","stack":"TypeError: Cannot read property 'details' of undefined\n    at exports.postTeamCategory (/Users/sujit/Downloads/pandalytic/node_cms/controllers/team.controller.js:177:102)\n    at /Users/sujit/Downloads/pandalytic/node_cms/middleware/async.js:4:13\n    at Layer.handle [as handle_request] (/Users/sujit/Downloads/pandalytic/node_cms/node_modules/express/lib/router/layer.js:95:5)\n    at next (/Users/sujit/Downloads/pandalytic/node_cms/node_modules/express/lib/router/route.js:137:13)\n    at module.exports (/Users/sujit/Downloads/pandalytic/node_cms/middleware/auth.js:11:5)\n    at Layer.handle [as handle_request] (/Users/sujit/Downloads/pandalytic/node_cms/node_modules/express/lib/router/layer.js:95:5)\n    at next (/Users/sujit/Downloads/pandalytic/node_cms/node_modules/express/lib/router/route.js:137:13)\n    at Route.dispatch (/Users/sujit/Downloads/pandalytic/node_cms/node_modules/express/lib/router/route.js:112:3)\n    at Layer.handle [as handle_request] (/Users/sujit/Downloads/pandalytic/node_cms/node_modules/express/lib/router/layer.js:95:5)\n    at /Users/sujit/Downloads/pandalytic/node_cms/node_modules/express/lib/router/index.js:281:22\n    at Function.process_params (/Users/sujit/Downloads/pandalytic/node_cms/node_modules/express/lib/router/index.js:335:12)\n    at next (/Users/sujit/Downloads/pandalytic/node_cms/node_modules/express/lib/router/index.js:275:10)\n    at Function.handle (/Users/sujit/Downloads/pandalytic/node_cms/node_modules/express/lib/router/index.js:174:3)\n    at router (/Users/sujit/Downloads/pandalytic/node_cms/node_modules/express/lib/router/index.js:47:12)\n    at Layer.handle [as handle_request] (/Users/sujit/Downloads/pandalytic/node_cms/node_modules/express/lib/router/layer.js:95:5)\n    at trim_prefix (/Users/sujit/Downloads/pandalytic/node_cms/node_modules/express/lib/router/index.js:317:13)"}
{"service":"user-service","level":"error","message":"Cannot read property 'details' of undefined Cannot read property 'details' of undefined","stack":"TypeError: Cannot read property 'details' of undefined\n    at exports.postTeamCategory (/Users/sujit/Downloads/pandalytic/node_cms/controllers/team.controller.js:177:101)\n    at /Users/sujit/Downloads/pandalytic/node_cms/middleware/async.js:4:13\n    at Layer.handle [as handle_request] (/Users/sujit/Downloads/pandalytic/node_cms/node_modules/express/lib/router/layer.js:95:5)\n    at next (/Users/sujit/Downloads/pandalytic/node_cms/node_modules/express/lib/router/route.js:137:13)\n    at module.exports (/Users/sujit/Downloads/pandalytic/node_cms/middleware/auth.js:11:5)\n    at Layer.handle [as handle_request] (/Users/sujit/Downloads/pandalytic/node_cms/node_modules/express/lib/router/layer.js:95:5)\n    at next (/Users/sujit/Downloads/pandalytic/node_cms/node_modules/express/lib/router/route.js:137:13)\n    at Route.dispatch (/Users/sujit/Downloads/pandalytic/node_cms/node_modules/express/lib/router/route.js:112:3)\n    at Layer.handle [as handle_request] (/Users/sujit/Downloads/pandalytic/node_cms/node_modules/express/lib/router/layer.js:95:5)\n    at /Users/sujit/Downloads/pandalytic/node_cms/node_modules/express/lib/router/index.js:281:22\n    at Function.process_params (/Users/sujit/Downloads/pandalytic/node_cms/node_modules/express/lib/router/index.js:335:12)\n    at next (/Users/sujit/Downloads/pandalytic/node_cms/node_modules/express/lib/router/index.js:275:10)\n    at Function.handle (/Users/sujit/Downloads/pandalytic/node_cms/node_modules/express/lib/router/index.js:174:3)\n    at router (/Users/sujit/Downloads/pandalytic/node_cms/node_modules/express/lib/router/index.js:47:12)\n    at Layer.handle [as handle_request] (/Users/sujit/Downloads/pandalytic/node_cms/node_modules/express/lib/router/layer.js:95:5)\n    at trim_prefix (/Users/sujit/Downloads/pandalytic/node_cms/node_modules/express/lib/router/index.js:317:13)"}
{"service":"user-service","expose":true,"statusCode":400,"status":400,"body":"{\n\t\"title\": \"Developer\",\n\t\"description\": \"Development Team of Pandalytic Technology Pvt. Ltd.\",\n}","type":"entity.parse.failed","level":"error","message":"Unexpected token } in JSON at position 96 Unexpected token } in JSON at position 96","stack":"SyntaxError: Unexpected token } in JSON at position 96\n    at JSON.parse (<anonymous>)\n    at parse (/Users/sujit/Downloads/pandalytic/node_cms/node_modules/body-parser/lib/types/json.js:89:19)\n    at /Users/sujit/Downloads/pandalytic/node_cms/node_modules/body-parser/lib/read.js:121:18\n    at invokeCallback (/Users/sujit/Downloads/pandalytic/node_cms/node_modules/raw-body/index.js:224:16)\n    at done (/Users/sujit/Downloads/pandalytic/node_cms/node_modules/raw-body/index.js:213:7)\n    at IncomingMessage.onEnd (/Users/sujit/Downloads/pandalytic/node_cms/node_modules/raw-body/index.js:273:7)\n    at IncomingMessage.emit (events.js:203:15)\n    at endReadableNT (_stream_readable.js:1129:12)\n    at process._tickCallback (internal/process/next_tick.js:63:19)"}
{"service":"user-service","level":"error","message":"Cannot read property '0' of undefined Cannot read property '0' of undefined","stack":"TypeError: Cannot read property '0' of undefined\n    at exports.postTeamInfo (/Users/sujit/Downloads/pandalytic/node_cms/controllers/team.controller.js:99:107)\n    at process._tickCallback (internal/process/next_tick.js:68:7)"}
{"service":"user-service","level":"error","message":"Cannot read property '0' of undefined Cannot read property '0' of undefined","stack":"TypeError: Cannot read property '0' of undefined\n    at exports.postTeamInfo (/Users/sujit/Downloads/pandalytic/node_cms/controllers/team.controller.js:99:107)\n    at process._tickCallback (internal/process/next_tick.js:68:7)"}
{"service":"user-service","level":"error","message":"Cannot read property '0' of undefined Cannot read property '0' of undefined","stack":"TypeError: Cannot read property '0' of undefined\n    at exports.postTeamInfo (/Users/sujit/Downloads/pandalytic/node_cms/controllers/team.controller.js:101:107)\n    at process._tickCallback (internal/process/next_tick.js:68:7)"}
{"service":"user-service","level":"error","message":"Cannot read property '0' of undefined Cannot read property '0' of undefined","stack":"TypeError: Cannot read property '0' of undefined\n    at exports.postTeamInfo (/Users/sujit/Downloads/pandalytic/node_cms/controllers/team.controller.js:101:107)\n    at process._tickCallback (internal/process/next_tick.js:68:7)"}
{"service":"user-service","level":"error","message":"Cannot read property '0' of undefined Cannot read property '0' of undefined","stack":"TypeError: Cannot read property '0' of undefined\n    at exports.postTeamInfo (/Users/sujit/Downloads/pandalytic/node_cms/controllers/team.controller.js:102:107)\n    at process._tickCallback (internal/process/next_tick.js:68:7)"}
{"service":"user-service","level":"error","message":"Cannot read property '0' of undefined Cannot read property '0' of undefined","stack":"TypeError: Cannot read property '0' of undefined\n    at exports.postTeamInfo (/Users/sujit/Downloads/pandalytic/node_cms/controllers/team.controller.js:102:107)\n    at process._tickCallback (internal/process/next_tick.js:68:7)"}
{"service":"user-service","level":"error","message":"Cannot read property '0' of undefined Cannot read property '0' of undefined","stack":"TypeError: Cannot read property '0' of undefined\n    at exports.postTeamInfo (/Users/sujit/Downloads/pandalytic/node_cms/controllers/team.controller.js:102:107)\n    at process._tickCallback (internal/process/next_tick.js:68:7)"}
{"service":"user-service","level":"error","message":"Cannot read property '0' of undefined Cannot read property '0' of undefined","stack":"TypeError: Cannot read property '0' of undefined\n    at exports.postTeamInfo (/Users/sujit/Downloads/pandalytic/node_cms/controllers/team.controller.js:102:107)\n    at process._tickCallback (internal/process/next_tick.js:68:7)"}
{"service":"user-service","level":"error","message":"error is not defined error is not defined","stack":"ReferenceError: error is not defined\n    at exports.getProjectListWithAuthToken (/Users/sujit/Downloads/pandalytic/node_cms/modules/projects/controllers/project.controller.js:46:94)\n    at /Users/sujit/Downloads/pandalytic/node_cms/middleware/async.js:4:13\n    at Layer.handle [as handle_request] (/Users/sujit/Downloads/pandalytic/node_cms/node_modules/express/lib/router/layer.js:95:5)\n    at next (/Users/sujit/Downloads/pandalytic/node_cms/node_modules/express/lib/router/route.js:137:13)\n    at module.exports (/Users/sujit/Downloads/pandalytic/node_cms/middleware/auth.js:11:5)\n    at Layer.handle [as handle_request] (/Users/sujit/Downloads/pandalytic/node_cms/node_modules/express/lib/router/layer.js:95:5)\n    at next (/Users/sujit/Downloads/pandalytic/node_cms/node_modules/express/lib/router/route.js:137:13)\n    at Route.dispatch (/Users/sujit/Downloads/pandalytic/node_cms/node_modules/express/lib/router/route.js:112:3)\n    at Layer.handle [as handle_request] (/Users/sujit/Downloads/pandalytic/node_cms/node_modules/express/lib/router/layer.js:95:5)\n    at /Users/sujit/Downloads/pandalytic/node_cms/node_modules/express/lib/router/index.js:281:22\n    at Function.process_params (/Users/sujit/Downloads/pandalytic/node_cms/node_modules/express/lib/router/index.js:335:12)\n    at next (/Users/sujit/Downloads/pandalytic/node_cms/node_modules/express/lib/router/index.js:275:10)\n    at Function.handle (/Users/sujit/Downloads/pandalytic/node_cms/node_modules/express/lib/router/index.js:174:3)\n    at router (/Users/sujit/Downloads/pandalytic/node_cms/node_modules/express/lib/router/index.js:47:12)\n    at Layer.handle [as handle_request] (/Users/sujit/Downloads/pandalytic/node_cms/node_modules/express/lib/router/layer.js:95:5)\n    at trim_prefix (/Users/sujit/Downloads/pandalytic/node_cms/node_modules/express/lib/router/index.js:317:13)"}
{"service":"user-service","level":"error","message":"Cannot read property '0' of undefined Cannot read property '0' of undefined","stack":"TypeError: Cannot read property '0' of undefined\n    at exports.postProjectInfo (/Users/sujit/Downloads/pandalytic/node_cms/modules/projects/controllers/project.controller.js:69:107)\n    at process._tickCallback (internal/process/next_tick.js:68:7)"}
{"service":"user-service","level":"error","message":"Cannot read property '0' of undefined Cannot read property '0' of undefined","stack":"TypeError: Cannot read property '0' of undefined\n    at exports.postProjectInfo (/Users/sujit/Downloads/pandalytic/node_cms/modules/projects/controllers/project.controller.js:70:107)\n    at process._tickCallback (internal/process/next_tick.js:68:7)"}
{"service":"user-service","level":"error","message":"commonHelper is not defined commonHelper is not defined","stack":"ReferenceError: commonHelper is not defined\n    at exports.getTestimonialListWithAuthToken (/Users/sujit/Downloads/pandalytic/node_cms/modules/testimonials/controllers/testimonial.controller.js:40:5)\n    at /Users/sujit/Downloads/pandalytic/node_cms/middleware/async.js:4:13\n    at Layer.handle [as handle_request] (/Users/sujit/Downloads/pandalytic/node_cms/node_modules/express/lib/router/layer.js:95:5)\n    at next (/Users/sujit/Downloads/pandalytic/node_cms/node_modules/express/lib/router/route.js:137:13)\n    at module.exports (/Users/sujit/Downloads/pandalytic/node_cms/middleware/auth.js:11:5)\n    at Layer.handle [as handle_request] (/Users/sujit/Downloads/pandalytic/node_cms/node_modules/express/lib/router/layer.js:95:5)\n    at next (/Users/sujit/Downloads/pandalytic/node_cms/node_modules/express/lib/router/route.js:137:13)\n    at Route.dispatch (/Users/sujit/Downloads/pandalytic/node_cms/node_modules/express/lib/router/route.js:112:3)\n    at Layer.handle [as handle_request] (/Users/sujit/Downloads/pandalytic/node_cms/node_modules/express/lib/router/layer.js:95:5)\n    at /Users/sujit/Downloads/pandalytic/node_cms/node_modules/express/lib/router/index.js:281:22\n    at Function.process_params (/Users/sujit/Downloads/pandalytic/node_cms/node_modules/express/lib/router/index.js:335:12)\n    at next (/Users/sujit/Downloads/pandalytic/node_cms/node_modules/express/lib/router/index.js:275:10)\n    at Function.handle (/Users/sujit/Downloads/pandalytic/node_cms/node_modules/express/lib/router/index.js:174:3)\n    at router (/Users/sujit/Downloads/pandalytic/node_cms/node_modules/express/lib/router/index.js:47:12)\n    at Layer.handle [as handle_request] (/Users/sujit/Downloads/pandalytic/node_cms/node_modules/express/lib/router/layer.js:95:5)\n    at trim_prefix (/Users/sujit/Downloads/pandalytic/node_cms/node_modules/express/lib/router/index.js:317:13)"}
{"service":"user-service","level":"error","message":"Cannot read property '0' of undefined Cannot read property '0' of undefined","stack":"TypeError: Cannot read property '0' of undefined\n    at exports.postContactUsQueries (/Users/sujit/Downloads/pandalytic/node_cms/modules/contactus/controllers/contactus.controller.js:58:107)\n    at process._tickCallback (internal/process/next_tick.js:68:7)"}
{"service":"user-service","level":"error","message":"Cannot read property '0' of undefined Cannot read property '0' of undefined","stack":"TypeError: Cannot read property '0' of undefined\n    at exports.postContactUsQueries (/Users/sujit/Downloads/pandalytic/node_cms/modules/contactus/controllers/contactus.controller.js:59:107)\n    at process._tickCallback (internal/process/next_tick.js:68:7)"}
{"service":"user-service","level":"error","message":"Cannot read property '0' of undefined Cannot read property '0' of undefined","stack":"TypeError: Cannot read property '0' of undefined\n    at exports.postTeamInfo (C:\\Users\\Dell\\PandaLytic\\pandalytic-backend\\modules\\teams\\controllers\\team.controller.js:190:20)\n    at C:\\Users\\Dell\\PandaLytic\\pandalytic-backend\\middleware\\async.js:4:13\n    at Layer.handle [as handle_request] (C:\\Users\\Dell\\PandaLytic\\pandalytic-backend\\node_modules\\express\\lib\\router\\layer.js:95:5)\n    at next (C:\\Users\\Dell\\PandaLytic\\pandalytic-backend\\node_modules\\express\\lib\\router\\route.js:137:13)\n    at C:\\Users\\Dell\\PandaLytic\\pandalytic-backend\\middleware\\multer.js:36:5\n    at Immediate.<anonymous> (C:\\Users\\Dell\\PandaLytic\\pandalytic-backend\\node_modules\\multer\\lib\\make-middleware.js:53:37)\n    at processImmediate (internal/timers.js:458:21)"}
{"service":"user-service","level":"error","message":"Cannot read property '0' of undefined Cannot read property '0' of undefined","stack":"TypeError: Cannot read property '0' of undefined\n    at exports.postTeamInfo (C:\\Users\\Dell\\PandaLytic\\pandalytic-backend\\modules\\teams\\controllers\\team.controller.js:190:20)\n    at C:\\Users\\Dell\\PandaLytic\\pandalytic-backend\\middleware\\async.js:4:13\n    at Layer.handle [as handle_request] (C:\\Users\\Dell\\PandaLytic\\pandalytic-backend\\node_modules\\express\\lib\\router\\layer.js:95:5)\n    at next (C:\\Users\\Dell\\PandaLytic\\pandalytic-backend\\node_modules\\express\\lib\\router\\route.js:137:13)\n    at C:\\Users\\Dell\\PandaLytic\\pandalytic-backend\\middleware\\multer.js:36:5\n    at Immediate.<anonymous> (C:\\Users\\Dell\\PandaLytic\\pandalytic-backend\\node_modules\\multer\\lib\\make-middleware.js:53:37)\n    at processImmediate (internal/timers.js:458:21)"}
{"service":"user-service","level":"error","message":"Cannot read property '0' of undefined Cannot read property '0' of undefined","stack":"TypeError: Cannot read property '0' of undefined\n    at exports.postTeamInfo (C:\\Users\\Dell\\PandaLytic\\pandalytic-backend\\modules\\teams\\controllers\\team.controller.js:190:20)\n    at C:\\Users\\Dell\\PandaLytic\\pandalytic-backend\\middleware\\async.js:4:13\n    at Layer.handle [as handle_request] (C:\\Users\\Dell\\PandaLytic\\pandalytic-backend\\node_modules\\express\\lib\\router\\layer.js:95:5)\n    at next (C:\\Users\\Dell\\PandaLytic\\pandalytic-backend\\node_modules\\express\\lib\\router\\route.js:137:13)\n    at C:\\Users\\Dell\\PandaLytic\\pandalytic-backend\\middleware\\multer.js:36:5\n    at Immediate.<anonymous> (C:\\Users\\Dell\\PandaLytic\\pandalytic-backend\\node_modules\\multer\\lib\\make-middleware.js:53:37)\n    at processImmediate (internal/timers.js:458:21)"}
{"service":"user-service","level":"error","message":"Cannot read property '0' of undefined Cannot read property '0' of undefined","stack":"TypeError: Cannot read property '0' of undefined\n    at exports.postTeamInfo (C:\\Users\\Dell\\PandaLytic\\pandalytic-backend\\modules\\teams\\controllers\\team.controller.js:190:20)\n    at C:\\Users\\Dell\\PandaLytic\\pandalytic-backend\\middleware\\async.js:4:13\n    at Layer.handle [as handle_request] (C:\\Users\\Dell\\PandaLytic\\pandalytic-backend\\node_modules\\express\\lib\\router\\layer.js:95:5)\n    at next (C:\\Users\\Dell\\PandaLytic\\pandalytic-backend\\node_modules\\express\\lib\\router\\route.js:137:13)\n    at C:\\Users\\Dell\\PandaLytic\\pandalytic-backend\\middleware\\multer.js:36:5\n    at Immediate.<anonymous> (C:\\Users\\Dell\\PandaLytic\\pandalytic-backend\\node_modules\\multer\\lib\\make-middleware.js:53:37)\n    at processImmediate (internal/timers.js:458:21)"}
{"service":"user-service","level":"error","message":"Cannot read property '0' of undefined Cannot read property '0' of undefined","stack":"TypeError: Cannot read property '0' of undefined\n    at exports.postContentInfo (C:\\Users\\Dell\\PandaLytic\\pandalytic-backend\\modules\\content\\controllers\\content.controller.js:109:107)\n    at C:\\Users\\Dell\\PandaLytic\\pandalytic-backend\\middleware\\async.js:4:13\n    at Layer.handle [as handle_request] (C:\\Users\\Dell\\PandaLytic\\pandalytic-backend\\node_modules\\express\\lib\\router\\layer.js:95:5)\n    at next (C:\\Users\\Dell\\PandaLytic\\pandalytic-backend\\node_modules\\express\\lib\\router\\route.js:137:13)\n    at module.exports (C:\\Users\\Dell\\PandaLytic\\pandalytic-backend\\middleware\\auth.js:11:5)\n    at Layer.handle [as handle_request] (C:\\Users\\Dell\\PandaLytic\\pandalytic-backend\\node_modules\\express\\lib\\router\\layer.js:95:5)\n    at next (C:\\Users\\Dell\\PandaLytic\\pandalytic-backend\\node_modules\\express\\lib\\router\\route.js:137:13)\n    at Route.dispatch (C:\\Users\\Dell\\PandaLytic\\pandalytic-backend\\node_modules\\express\\lib\\router\\route.js:112:3)\n    at Layer.handle [as handle_request] (C:\\Users\\Dell\\PandaLytic\\pandalytic-backend\\node_modules\\express\\lib\\router\\layer.js:95:5)\n    at C:\\Users\\Dell\\PandaLytic\\pandalytic-backend\\node_modules\\express\\lib\\router\\index.js:281:22\n    at Function.process_params (C:\\Users\\Dell\\PandaLytic\\pandalytic-backend\\node_modules\\express\\lib\\router\\index.js:335:12)\n    at next (C:\\Users\\Dell\\PandaLytic\\pandalytic-backend\\node_modules\\express\\lib\\router\\index.js:275:10)\n    at Function.handle (C:\\Users\\Dell\\PandaLytic\\pandalytic-backend\\node_modules\\express\\lib\\router\\index.js:174:3)\n    at router (C:\\Users\\Dell\\PandaLytic\\pandalytic-backend\\node_modules\\express\\lib\\router\\index.js:47:12)\n    at Layer.handle [as handle_request] (C:\\Users\\Dell\\PandaLytic\\pandalytic-backend\\node_modules\\express\\lib\\router\\layer.js:95:5)\n    at trim_prefix (C:\\Users\\Dell\\PandaLytic\\pandalytic-backend\\node_modules\\express\\lib\\router\\index.js:317:13)"}
{"service":"user-service","level":"error","message":"Cannot read property '0' of undefined Cannot read property '0' of undefined","stack":"TypeError: Cannot read property '0' of undefined\n    at exports.postContentInfo (C:\\Users\\Dell\\PandaLytic\\pandalytic-backend\\modules\\content\\controllers\\content.controller.js:121:107)\n    at C:\\Users\\Dell\\PandaLytic\\pandalytic-backend\\middleware\\async.js:4:19\n    at Layer.handle [as handle_request] (C:\\Users\\Dell\\PandaLytic\\pandalytic-backend\\node_modules\\express\\lib\\router\\layer.js:95:5)\n    at next (C:\\Users\\Dell\\PandaLytic\\pandalytic-backend\\node_modules\\express\\lib\\router\\route.js:137:13)\n    at C:\\Users\\Dell\\PandaLytic\\pandalytic-backend\\middleware\\multer.js:37:5\n    at Immediate.<anonymous> (C:\\Users\\Dell\\PandaLytic\\pandalytic-backend\\node_modules\\multer\\lib\\make-middleware.js:53:37)\n    at processImmediate (internal/timers.js:458:21)"}
